{"D:\\Pruebas Tecnicas\\payment-checkout-challenge\\frontend\\src\\domain\\errors\\checkout-errors.ts": {"path":"D:\\Pruebas Tecnicas\\payment-checkout-challenge\\frontend\\src\\domain\\errors\\checkout-errors.ts","statementMap":{"0":{"start":{"line":11,"column":4},"end":{"line":11,"column":19}},"1":{"start":{"line":12,"column":4},"end":{"line":12,"column":32}},"2":{"start":{"line":7,"column":0},"end":{"line":7,"column":22}},"3":{"start":{"line":18,"column":18},"end":{"line":18,"column":33}},"4":{"start":{"line":20,"column":4},"end":{"line":20,"column":19}},"5":{"start":{"line":17,"column":0},"end":{"line":17,"column":13}},"6":{"start":{"line":26,"column":18},"end":{"line":26,"column":37}},"7":{"start":{"line":28,"column":4},"end":{"line":28,"column":19}},"8":{"start":{"line":25,"column":0},"end":{"line":25,"column":13}},"9":{"start":{"line":34,"column":18},"end":{"line":34,"column":38}},"10":{"start":{"line":36,"column":4},"end":{"line":36,"column":19}},"11":{"start":{"line":33,"column":0},"end":{"line":33,"column":13}},"12":{"start":{"line":42,"column":18},"end":{"line":42,"column":36}},"13":{"start":{"line":44,"column":4},"end":{"line":44,"column":19}},"14":{"start":{"line":41,"column":0},"end":{"line":41,"column":13}},"15":{"start":{"line":50,"column":18},"end":{"line":50,"column":36}},"16":{"start":{"line":52,"column":4},"end":{"line":52,"column":19}},"17":{"start":{"line":49,"column":0},"end":{"line":49,"column":13}}},"fnMap":{"0":{"name":"(anonymous_0)","decl":{"start":{"line":10,"column":2},"end":{"line":10,"column":14}},"loc":{"start":{"line":10,"column":29},"end":{"line":13,"column":3}}},"1":{"name":"(anonymous_1)","decl":{"start":{"line":19,"column":2},"end":{"line":19,"column":14}},"loc":{"start":{"line":19,"column":69},"end":{"line":21,"column":3}}},"2":{"name":"(anonymous_2)","decl":{"start":{"line":27,"column":2},"end":{"line":27,"column":14}},"loc":{"start":{"line":27,"column":57},"end":{"line":29,"column":3}}},"3":{"name":"(anonymous_3)","decl":{"start":{"line":35,"column":2},"end":{"line":35,"column":14}},"loc":{"start":{"line":35,"column":68},"end":{"line":37,"column":3}}},"4":{"name":"(anonymous_4)","decl":{"start":{"line":43,"column":2},"end":{"line":43,"column":14}},"loc":{"start":{"line":43,"column":48},"end":{"line":45,"column":3}}},"5":{"name":"(anonymous_5)","decl":{"start":{"line":51,"column":2},"end":{"line":51,"column":14}},"loc":{"start":{"line":51,"column":72},"end":{"line":53,"column":3}}}},"branchMap":{"0":{"loc":{"start":{"line":19,"column":14},"end":{"line":19,"column":69}},"type":"default-arg","locations":[{"start":{"line":19,"column":24},"end":{"line":19,"column":69}}]},"1":{"loc":{"start":{"line":27,"column":14},"end":{"line":27,"column":57}},"type":"default-arg","locations":[{"start":{"line":27,"column":24},"end":{"line":27,"column":57}}]},"2":{"loc":{"start":{"line":35,"column":14},"end":{"line":35,"column":68}},"type":"default-arg","locations":[{"start":{"line":35,"column":24},"end":{"line":35,"column":68}}]},"3":{"loc":{"start":{"line":43,"column":14},"end":{"line":43,"column":48}},"type":"default-arg","locations":[{"start":{"line":43,"column":24},"end":{"line":43,"column":48}}]},"4":{"loc":{"start":{"line":51,"column":14},"end":{"line":51,"column":72}},"type":"default-arg","locations":[{"start":{"line":51,"column":24},"end":{"line":51,"column":72}}]}},"s":{"0":4,"1":4,"2":6,"3":2,"4":2,"5":6,"6":1,"7":1,"8":6,"9":0,"10":0,"11":6,"12":0,"13":0,"14":6,"15":1,"16":1,"17":6},"f":{"0":4,"1":2,"2":1,"3":0,"4":0,"5":1},"b":{"0":[1],"1":[1],"2":[0],"3":[0],"4":[1]}}
,"D:\\Pruebas Tecnicas\\payment-checkout-challenge\\frontend\\src\\infrastructure\\http\\http-client.ts": {"path":"D:\\Pruebas Tecnicas\\payment-checkout-challenge\\frontend\\src\\infrastructure\\http\\http-client.ts","statementMap":{"0":{"start":{"line":1,"column":0},"end":{"line":1,"column":26}},"1":{"start":{"line":2,"column":0},"end":{"line":2,"column":43}},"2":{"start":{"line":10,"column":13},"end":{"line":14,"column":3}}},"fnMap":{},"branchMap":{},"s":{"0":4,"1":4,"2":4},"f":{},"b":{}}
,"D:\\Pruebas Tecnicas\\payment-checkout-challenge\\frontend\\src\\infrastructure\\repositories\\axios-checkout.repository.ts": {"path":"D:\\Pruebas Tecnicas\\payment-checkout-challenge\\frontend\\src\\infrastructure\\repositories\\axios-checkout.repository.ts","statementMap":{"0":{"start":{"line":1,"column":0},"end":{"line":1,"column":26}},"1":{"start":{"line":5,"column":0},"end":{"line":5,"column":null}},"2":{"start":{"line":11,"column":0},"end":{"line":11,"column":49}},"3":{"start":{"line":37,"column":18},"end":{"line":45,"column":2}},"4":{"start":{"line":37,"column":55},"end":{"line":45,"column":2}},"5":{"start":{"line":47,"column":22},"end":{"line":58,"column":2}},"6":{"start":{"line":47,"column":67},"end":{"line":58,"column":2}},"7":{"start":{"line":67,"column":2},"end":{"line":74,"column":3}},"8":{"start":{"line":68,"column":4},"end":{"line":70,"column":5}},"9":{"start":{"line":69,"column":6},"end":{"line":69,"column":32}},"10":{"start":{"line":71,"column":4},"end":{"line":73,"column":5}},"11":{"start":{"line":72,"column":6},"end":{"line":72,"column":40}},"12":{"start":{"line":75,"column":2},"end":{"line":75,"column":31}},"13":{"start":{"line":83,"column":4},"end":{"line":88,"column":5}},"14":{"start":{"line":84,"column":23},"end":{"line":84,"column":75}},"15":{"start":{"line":85,"column":6},"end":{"line":85,"column":33}},"16":{"start":{"line":87,"column":6},"end":{"line":87,"column":28}},"17":{"start":{"line":92,"column":4},"end":{"line":99,"column":5}},"18":{"start":{"line":93,"column":23},"end":{"line":94,"column":null}},"19":{"start":{"line":96,"column":6},"end":{"line":96,"column":29}},"20":{"start":{"line":98,"column":6},"end":{"line":98,"column":28}},"21":{"start":{"line":103,"column":4},"end":{"line":110,"column":5}},"22":{"start":{"line":104,"column":23},"end":{"line":105,"column":null}},"23":{"start":{"line":107,"column":6},"end":{"line":107,"column":18}},"24":{"start":{"line":109,"column":6},"end":{"line":109,"column":28}},"25":{"start":{"line":117,"column":4},"end":{"line":126,"column":5}},"26":{"start":{"line":118,"column":23},"end":{"line":121,"column":null}},"27":{"start":{"line":123,"column":6},"end":{"line":123,"column":33}},"28":{"start":{"line":125,"column":6},"end":{"line":125,"column":28}},"29":{"start":{"line":130,"column":4},"end":{"line":137,"column":5}},"30":{"start":{"line":131,"column":23},"end":{"line":132,"column":null}},"31":{"start":{"line":134,"column":6},"end":{"line":134,"column":33}},"32":{"start":{"line":136,"column":6},"end":{"line":136,"column":28}},"33":{"start":{"line":81,"column":0},"end":{"line":81,"column":13}}},"fnMap":{"0":{"name":"(anonymous_1)","decl":{"start":{"line":37,"column":18},"end":{"line":37,"column":19}},"loc":{"start":{"line":37,"column":55},"end":{"line":45,"column":2}}},"1":{"name":"(anonymous_2)","decl":{"start":{"line":47,"column":22},"end":{"line":47,"column":23}},"loc":{"start":{"line":47,"column":67},"end":{"line":58,"column":2}}},"2":{"name":"mapError","decl":{"start":{"line":66,"column":9},"end":{"line":66,"column":17}},"loc":{"start":{"line":66,"column":32},"end":{"line":76,"column":1}}},"3":{"name":"(anonymous_4)","decl":{"start":{"line":82,"column":2},"end":{"line":82,"column":7}},"loc":{"start":{"line":82,"column":19},"end":{"line":89,"column":3}}},"4":{"name":"(anonymous_5)","decl":{"start":{"line":91,"column":2},"end":{"line":91,"column":7}},"loc":{"start":{"line":91,"column":36},"end":{"line":100,"column":3}}},"5":{"name":"(anonymous_6)","decl":{"start":{"line":102,"column":2},"end":{"line":102,"column":7}},"loc":{"start":{"line":102,"column":41},"end":{"line":111,"column":3}}},"6":{"name":"(anonymous_7)","decl":{"start":{"line":113,"column":2},"end":{"line":113,"column":7}},"loc":{"start":{"line":115,"column":26},"end":{"line":127,"column":3}}},"7":{"name":"(anonymous_8)","decl":{"start":{"line":129,"column":2},"end":{"line":129,"column":7}},"loc":{"start":{"line":129,"column":44},"end":{"line":138,"column":3}}}},"branchMap":{"0":{"loc":{"start":{"line":67,"column":2},"end":{"line":74,"column":3}},"type":"if","locations":[{"start":{"line":67,"column":2},"end":{"line":74,"column":3}},{"start":{},"end":{}}]},"1":{"loc":{"start":{"line":68,"column":4},"end":{"line":70,"column":5}},"type":"if","locations":[{"start":{"line":68,"column":4},"end":{"line":70,"column":5}},{"start":{},"end":{}}]},"2":{"loc":{"start":{"line":71,"column":4},"end":{"line":73,"column":5}},"type":"if","locations":[{"start":{"line":71,"column":4},"end":{"line":73,"column":5}},{"start":{},"end":{}}]}},"s":{"0":5,"1":5,"2":5,"3":5,"4":2,"5":5,"6":2,"7":3,"8":2,"9":1,"10":1,"11":1,"12":1,"13":3,"14":3,"15":1,"16":2,"17":2,"18":2,"19":1,"20":1,"21":1,"22":1,"23":1,"24":0,"25":1,"26":1,"27":1,"28":0,"29":1,"30":1,"31":1,"32":0,"33":5},"f":{"0":2,"1":2,"2":3,"3":3,"4":2,"5":1,"6":1,"7":1},"b":{"0":[2,1],"1":[1,1],"2":[1,0]}}
,"D:\\Pruebas Tecnicas\\payment-checkout-challenge\\frontend\\src\\infrastructure\\repositories\\checkout-repository.ts": {"path":"D:\\Pruebas Tecnicas\\payment-checkout-challenge\\frontend\\src\\infrastructure\\repositories\\checkout-repository.ts","statementMap":{"0":{"start":{"line":2,"column":0},"end":{"line":2,"column":70}},"1":{"start":{"line":8,"column":13},"end":{"line":9,"column":32}}},"fnMap":{},"branchMap":{},"s":{"0":4,"1":4},"f":{},"b":{}}
,"D:\\Pruebas Tecnicas\\payment-checkout-challenge\\frontend\\src\\presentation\\components\\checkout\\amount-breakdown.tsx": {"path":"D:\\Pruebas Tecnicas\\payment-checkout-challenge\\frontend\\src\\presentation\\components\\checkout\\amount-breakdown.tsx","statementMap":{"0":{"start":{"line":18,"column":0},"end":{"line":18,"column":16}},"1":{"start":{"line":1,"column":0},"end":{"line":1,"column":53}},"2":{"start":{"line":2,"column":0},"end":{"line":2,"column":49}},"3":{"start":{"line":26,"column":2},"end":{"line":46,"column":4}},"4":{"start":{"line":58,"column":2},"end":{"line":67,"column":4}}},"fnMap":{"0":{"name":"AmountBreakdown","decl":{"start":{"line":18,"column":16},"end":{"line":18,"column":31}},"loc":{"start":{"line":25,"column":23},"end":{"line":47,"column":1}}},"1":{"name":"Row","decl":{"start":{"line":49,"column":9},"end":{"line":49,"column":12}},"loc":{"start":{"line":57,"column":1},"end":{"line":68,"column":1}}}},"branchMap":{"0":{"loc":{"start":{"line":51,"column":2},"end":{"line":51,"column":16}},"type":"default-arg","locations":[{"start":{"line":51,"column":11},"end":{"line":51,"column":16}}]},"1":{"loc":{"start":{"line":61,"column":19},"end":{"line":61,"column":77}},"type":"cond-expr","locations":[{"start":{"line":61,"column":28},"end":{"line":61,"column":58}},{"start":{"line":61,"column":61},"end":{"line":61,"column":77}}]}},"s":{"0":3,"1":3,"2":3,"3":8,"4":32},"f":{"0":8,"1":32},"b":{"0":[24],"1":[8,24]}}
,"D:\\Pruebas Tecnicas\\payment-checkout-challenge\\frontend\\src\\presentation\\components\\checkout\\order-item.tsx": {"path":"D:\\Pruebas Tecnicas\\payment-checkout-challenge\\frontend\\src\\presentation\\components\\checkout\\order-item.tsx","statementMap":{"0":{"start":{"line":15,"column":0},"end":{"line":15,"column":16}},"1":{"start":{"line":1,"column":0},"end":{"line":1,"column":49}},"2":{"start":{"line":22,"column":2},"end":{"line":40,"column":4}}},"fnMap":{"0":{"name":"OrderItem","decl":{"start":{"line":15,"column":16},"end":{"line":15,"column":25}},"loc":{"start":{"line":21,"column":17},"end":{"line":41,"column":1}}}},"branchMap":{},"s":{"0":4,"1":4,"2":43},"f":{"0":43},"b":{}}
,"D:\\Pruebas Tecnicas\\payment-checkout-challenge\\frontend\\src\\presentation\\components\\product\\product-card.tsx": {"path":"D:\\Pruebas Tecnicas\\payment-checkout-challenge\\frontend\\src\\presentation\\components\\product\\product-card.tsx","statementMap":{"0":{"start":{"line":19,"column":0},"end":{"line":19,"column":16}},"1":{"start":{"line":1,"column":0},"end":{"line":1,"column":33}},"2":{"start":{"line":3,"column":0},"end":{"line":3,"column":65}},"3":{"start":{"line":4,"column":0},"end":{"line":4,"column":51}},"4":{"start":{"line":5,"column":0},"end":{"line":5,"column":47}},"5":{"start":{"line":6,"column":0},"end":{"line":6,"column":49}},"6":{"start":{"line":7,"column":0},"end":{"line":7,"column":43}},"7":{"start":{"line":8,"column":0},"end":{"line":8,"column":55}},"8":{"start":{"line":20,"column":34},"end":{"line":20,"column":56}},"9":{"start":{"line":21,"column":23},"end":{"line":21,"column":50}},"10":{"start":{"line":23,"column":2},"end":{"line":70,"column":4}},"11":{"start":{"line":63,"column":27},"end":{"line":63,"column":51}}},"fnMap":{"0":{"name":"ProductCard","decl":{"start":{"line":19,"column":16},"end":{"line":19,"column":27}},"loc":{"start":{"line":19,"column":64},"end":{"line":71,"column":1}}},"1":{"name":"(anonymous_1)","decl":{"start":{"line":63,"column":21},"end":{"line":63,"column":24}},"loc":{"start":{"line":63,"column":27},"end":{"line":63,"column":51}}}},"branchMap":{"0":{"loc":{"start":{"line":53,"column":11},"end":{"line":58,"column":null}},"type":"binary-expr","locations":[{"start":{"line":53,"column":11},"end":{"line":53,"column":24}},{"start":{"line":54,"column":12},"end":{"line":57,"column":null}}]},"1":{"loc":{"start":{"line":65,"column":13},"end":{"line":65,"column":61}},"type":"cond-expr","locations":[{"start":{"line":65,"column":28},"end":{"line":65,"column":39}},{"start":{"line":65,"column":42},"end":{"line":65,"column":61}}]}},"s":{"0":2,"1":2,"2":2,"3":2,"4":2,"5":2,"6":2,"7":2,"8":5,"9":5,"10":5,"11":1},"f":{"0":5,"1":1},"b":{"0":[5,4],"1":[1,4]}}
,"D:\\Pruebas Tecnicas\\payment-checkout-challenge\\frontend\\src\\presentation\\components\\product\\quantity-selector.tsx": {"path":"D:\\Pruebas Tecnicas\\payment-checkout-challenge\\frontend\\src\\presentation\\components\\product\\quantity-selector.tsx","statementMap":{"0":{"start":{"line":22,"column":0},"end":{"line":22,"column":16}},"1":{"start":{"line":1,"column":0},"end":{"line":1,"column":65}},"2":{"start":{"line":2,"column":0},"end":{"line":2,"column":46}},"3":{"start":{"line":12,"column":2},"end":{"line":12,"column":264}},"4":{"start":{"line":28,"column":19},"end":{"line":28,"column":71}},"5":{"start":{"line":28,"column":25},"end":{"line":28,"column":71}},"6":{"start":{"line":29,"column":19},"end":{"line":29,"column":62}},"7":{"start":{"line":29,"column":25},"end":{"line":29,"column":62}},"8":{"start":{"line":31,"column":2},"end":{"line":58,"column":4}}},"fnMap":{"0":{"name":"QuantitySelector","decl":{"start":{"line":22,"column":16},"end":{"line":22,"column":32}},"loc":{"start":{"line":27,"column":24},"end":{"line":59,"column":1}}},"1":{"name":"(anonymous_1)","decl":{"start":{"line":28,"column":19},"end":{"line":28,"column":22}},"loc":{"start":{"line":28,"column":25},"end":{"line":28,"column":71}}},"2":{"name":"(anonymous_2)","decl":{"start":{"line":29,"column":19},"end":{"line":29,"column":22}},"loc":{"start":{"line":29,"column":25},"end":{"line":29,"column":62}}}},"branchMap":{"0":{"loc":{"start":{"line":26,"column":2},"end":{"line":26,"column":18}},"type":"default-arg","locations":[{"start":{"line":26,"column":13},"end":{"line":26,"column":18}}]},"1":{"loc":{"start":{"line":37,"column":18},"end":{"line":37,"column":54}},"type":"binary-expr","locations":[{"start":{"line":37,"column":18},"end":{"line":37,"column":26}},{"start":{"line":37,"column":30},"end":{"line":37,"column":54}}]},"2":{"loc":{"start":{"line":52,"column":18},"end":{"line":52,"column":45}},"type":"binary-expr","locations":[{"start":{"line":52,"column":18},"end":{"line":52,"column":26}},{"start":{"line":52,"column":30},"end":{"line":52,"column":45}}]}},"s":{"0":3,"1":3,"2":3,"3":3,"4":6,"5":1,"6":6,"7":2,"8":6},"f":{"0":6,"1":1,"2":2},"b":{"0":[6],"1":[6,6],"2":[6,6]}}
,"D:\\Pruebas Tecnicas\\payment-checkout-challenge\\frontend\\src\\presentation\\components\\product\\stock-badge.tsx": {"path":"D:\\Pruebas Tecnicas\\payment-checkout-challenge\\frontend\\src\\presentation\\components\\product\\stock-badge.tsx","statementMap":{"0":{"start":{"line":13,"column":0},"end":{"line":13,"column":16}},"1":{"start":{"line":1,"column":0},"end":{"line":1,"column":72}},"2":{"start":{"line":2,"column":0},"end":{"line":2,"column":49}},"3":{"start":{"line":14,"column":2},"end":{"line":16,"column":3}},"4":{"start":{"line":15,"column":4},"end":{"line":15,"column":48}},"5":{"start":{"line":17,"column":2},"end":{"line":19,"column":3}},"6":{"start":{"line":18,"column":4},"end":{"line":18,"column":75}},"7":{"start":{"line":20,"column":2},"end":{"line":20,"column":68}}},"fnMap":{"0":{"name":"StockBadge","decl":{"start":{"line":13,"column":16},"end":{"line":13,"column":26}},"loc":{"start":{"line":13,"column":62},"end":{"line":21,"column":1}}}},"branchMap":{"0":{"loc":{"start":{"line":14,"column":2},"end":{"line":16,"column":3}},"type":"if","locations":[{"start":{"line":14,"column":2},"end":{"line":16,"column":3}},{"start":{},"end":{}}]},"1":{"loc":{"start":{"line":17,"column":2},"end":{"line":19,"column":3}},"type":"if","locations":[{"start":{"line":17,"column":2},"end":{"line":19,"column":3}},{"start":{},"end":{}}]}},"s":{"0":3,"1":3,"2":3,"3":8,"4":2,"5":6,"6":5,"7":1},"f":{"0":8},"b":{"0":[2,6],"1":[5,1]}}
,"D:\\Pruebas Tecnicas\\payment-checkout-challenge\\frontend\\src\\presentation\\forms\\checkout-form-schema.ts": {"path":"D:\\Pruebas Tecnicas\\payment-checkout-challenge\\frontend\\src\\presentation\\forms\\checkout-form-schema.ts","statementMap":{"0":{"start":{"line":1,"column":0},"end":{"line":1,"column":24}},"1":{"start":{"line":2,"column":0},"end":{"line":2,"column":79}},"2":{"start":{"line":10,"column":13},"end":{"line":40,"column":5}},"3":{"start":{"line":17,"column":23},"end":{"line":17,"column":40}},"4":{"start":{"line":18,"column":8},"end":{"line":18,"column":58}},"5":{"start":{"line":20,"column":25},"end":{"line":20,"column":41}},"6":{"start":{"line":37,"column":20},"end":{"line":37,"column":62}}},"fnMap":{"0":{"name":"(anonymous_0)","decl":{"start":{"line":16,"column":14},"end":{"line":16,"column":15}},"loc":{"start":{"line":16,"column":24},"end":{"line":19,"column":7}}},"1":{"name":"(anonymous_1)","decl":{"start":{"line":20,"column":14},"end":{"line":20,"column":15}},"loc":{"start":{"line":20,"column":25},"end":{"line":20,"column":41}}},"2":{"name":"(anonymous_2)","decl":{"start":{"line":37,"column":10},"end":{"line":37,"column":11}},"loc":{"start":{"line":37,"column":20},"end":{"line":37,"column":62}}}},"branchMap":{"0":{"loc":{"start":{"line":18,"column":15},"end":{"line":18,"column":57}},"type":"binary-expr","locations":[{"start":{"line":18,"column":15},"end":{"line":18,"column":34}},{"start":{"line":18,"column":38},"end":{"line":18,"column":57}}]}},"s":{"0":2,"1":2,"2":2,"3":21,"4":21,"5":21,"6":21},"f":{"0":21,"1":21,"2":21},"b":{"0":[21,9]}}
,"D:\\Pruebas Tecnicas\\payment-checkout-challenge\\frontend\\src\\presentation\\forms\\delivery-form.tsx": {"path":"D:\\Pruebas Tecnicas\\payment-checkout-challenge\\frontend\\src\\presentation\\forms\\delivery-form.tsx","statementMap":{"0":{"start":{"line":23,"column":0},"end":{"line":23,"column":16}},"1":{"start":{"line":2,"column":0},"end":{"line":2,"column":55}},"2":{"start":{"line":3,"column":0},"end":{"line":3,"column":46}},"3":{"start":{"line":4,"column":0},"end":{"line":4,"column":48}},"4":{"start":{"line":12,"column":23},"end":{"line":17,"column":2}},"5":{"start":{"line":24,"column":2},"end":{"line":134,"column":4}}},"fnMap":{"0":{"name":"DeliveryForm","decl":{"start":{"line":23,"column":16},"end":{"line":23,"column":28}},"loc":{"start":{"line":23,"column":68},"end":{"line":135,"column":1}}}},"branchMap":{},"s":{"0":1,"1":1,"2":1,"3":1,"4":1,"5":35},"f":{"0":35},"b":{}}
,"D:\\Pruebas Tecnicas\\payment-checkout-challenge\\frontend\\src\\presentation\\forms\\payment-card-form.tsx": {"path":"D:\\Pruebas Tecnicas\\payment-checkout-challenge\\frontend\\src\\presentation\\forms\\payment-card-form.tsx","statementMap":{"0":{"start":{"line":31,"column":0},"end":{"line":31,"column":16}},"1":{"start":{"line":7,"column":0},"end":{"line":7,"column":46}},"2":{"start":{"line":8,"column":0},"end":{"line":8,"column":55}},"3":{"start":{"line":9,"column":0},"end":{"line":9,"column":46}},"4":{"start":{"line":10,"column":0},"end":{"line":10,"column":76}},"5":{"start":{"line":20,"column":44},"end":{"line":23,"column":2}},"6":{"start":{"line":37,"column":16},"end":{"line":37,"column":54}},"7":{"start":{"line":39,"column":2},"end":{"line":144,"column":4}},"8":{"start":{"line":72,"column":14},"end":{"line":74,"column":16}}},"fnMap":{"0":{"name":"PaymentCardForm","decl":{"start":{"line":31,"column":16},"end":{"line":31,"column":31}},"loc":{"start":{"line":36,"column":23},"end":{"line":145,"column":1}}},"1":{"name":"(anonymous_1)","decl":{"start":{"line":71,"column":22},"end":{"line":71,"column":23}},"loc":{"start":{"line":72,"column":14},"end":{"line":74,"column":16}}}},"branchMap":{"0":{"loc":{"start":{"line":37,"column":32},"end":{"line":37,"column":53}},"type":"binary-expr","locations":[{"start":{"line":37,"column":32},"end":{"line":37,"column":47}},{"start":{"line":37,"column":51},"end":{"line":37,"column":53}}]},"1":{"loc":{"start":{"line":77,"column":11},"end":{"line":80,"column":null}},"type":"binary-expr","locations":[{"start":{"line":77,"column":11},"end":{"line":77,"column":30}},{"start":{"line":78,"column":12},"end":{"line":79,"column":null}}]}},"s":{"0":1,"1":1,"2":1,"3":1,"4":1,"5":1,"6":35,"7":35,"8":16},"f":{"0":35,"1":16},"b":{"0":[35,0],"1":[35,31]}}
,"D:\\Pruebas Tecnicas\\payment-checkout-challenge\\frontend\\src\\presentation\\hooks\\use-checkout.ts": {"path":"D:\\Pruebas Tecnicas\\payment-checkout-challenge\\frontend\\src\\presentation\\hooks\\use-checkout.ts","statementMap":{"0":{"start":{"line":24,"column":0},"end":{"line":24,"column":16}},"1":{"start":{"line":1,"column":0},"end":{"line":1,"column":44}},"2":{"start":{"line":2,"column":0},"end":{"line":2,"column":47}},"3":{"start":{"line":4,"column":0},"end":{"line":4,"column":64}},"4":{"start":{"line":5,"column":0},"end":{"line":5,"column":72}},"5":{"start":{"line":6,"column":0},"end":{"line":6,"column":64}},"6":{"start":{"line":7,"column":0},"end":{"line":7,"column":75}},"7":{"start":{"line":8,"column":0},"end":{"line":8,"column":null}},"8":{"start":{"line":13,"column":0},"end":{"line":13,"column":64}},"9":{"start":{"line":25,"column":21},"end":{"line":25,"column":44}},"10":{"start":{"line":26,"column":19},"end":{"line":26,"column":35}},"11":{"start":{"line":27,"column":19},"end":{"line":27,"column":32}},"12":{"start":{"line":29,"column":23},"end":{"line":29,"column":78}},"13":{"start":{"line":29,"column":49},"end":{"line":29,"column":77}},"14":{"start":{"line":30,"column":16},"end":{"line":30,"column":66}},"15":{"start":{"line":30,"column":42},"end":{"line":30,"column":65}},"16":{"start":{"line":31,"column":54},"end":{"line":32,"column":null}},"17":{"start":{"line":32,"column":15},"end":{"line":32,"column":29}},"18":{"start":{"line":34,"column":15},"end":{"line":34,"column":60}},"19":{"start":{"line":34,"column":41},"end":{"line":34,"column":59}},"20":{"start":{"line":36,"column":28},"end":{"line":36,"column":63}},"21":{"start":{"line":38,"column":14},"end":{"line":79,"column":4}},"22":{"start":{"line":39,"column":4},"end":{"line":41,"column":5}},"23":{"start":{"line":40,"column":6},"end":{"line":40,"column":13}},"24":{"start":{"line":42,"column":4},"end":{"line":44,"column":5}},"25":{"start":{"line":43,"column":6},"end":{"line":43,"column":13}},"26":{"start":{"line":46,"column":4},"end":{"line":46,"column":41}},"27":{"start":{"line":47,"column":4},"end":{"line":47,"column":35}},"28":{"start":{"line":48,"column":4},"end":{"line":68,"column":5}},"29":{"start":{"line":49,"column":35},"end":{"line":55,"column":8}},"30":{"start":{"line":56,"column":26},"end":{"line":58,"column":null}},"31":{"start":{"line":60,"column":6},"end":{"line":60,"column":49}},"32":{"start":{"line":61,"column":6},"end":{"line":61,"column":49}},"33":{"start":{"line":62,"column":6},"end":{"line":62,"column":27}},"34":{"start":{"line":63,"column":6},"end":{"line":63,"column":53}},"35":{"start":{"line":65,"column":6},"end":{"line":65,"column":56}},"36":{"start":{"line":67,"column":6},"end":{"line":67,"column":44}},"37":{"start":{"line":81,"column":2},"end":{"line":81,"column":38}}},"fnMap":{"0":{"name":"useCheckout","decl":{"start":{"line":24,"column":16},"end":{"line":24,"column":27}},"loc":{"start":{"line":24,"column":27},"end":{"line":82,"column":1}}},"1":{"name":"(anonymous_1)","decl":{"start":{"line":29,"column":38},"end":{"line":29,"column":39}},"loc":{"start":{"line":29,"column":49},"end":{"line":29,"column":77}}},"2":{"name":"(anonymous_2)","decl":{"start":{"line":30,"column":31},"end":{"line":30,"column":32}},"loc":{"start":{"line":30,"column":42},"end":{"line":30,"column":65}}},"3":{"name":"(anonymous_3)","decl":{"start":{"line":32,"column":4},"end":{"line":32,"column":5}},"loc":{"start":{"line":32,"column":15},"end":{"line":32,"column":29}}},"4":{"name":"(anonymous_4)","decl":{"start":{"line":34,"column":30},"end":{"line":34,"column":31}},"loc":{"start":{"line":34,"column":41},"end":{"line":34,"column":59}}},"5":{"name":"(anonymous_5)","decl":{"start":{"line":38,"column":26},"end":{"line":38,"column":31}},"loc":{"start":{"line":38,"column":37},"end":{"line":69,"column":3}}}},"branchMap":{"0":{"loc":{"start":{"line":39,"column":4},"end":{"line":41,"column":5}},"type":"if","locations":[{"start":{"line":39,"column":4},"end":{"line":41,"column":5}},{"start":{},"end":{}}]},"1":{"loc":{"start":{"line":42,"column":4},"end":{"line":44,"column":5}},"type":"if","locations":[{"start":{"line":42,"column":4},"end":{"line":44,"column":5}},{"start":{},"end":{}}]},"2":{"loc":{"start":{"line":42,"column":8},"end":{"line":42,"column":53}},"type":"binary-expr","locations":[{"start":{"line":42,"column":8},"end":{"line":42,"column":18}},{"start":{"line":42,"column":22},"end":{"line":42,"column":31}},{"start":{"line":42,"column":35},"end":{"line":42,"column":44}},{"start":{"line":42,"column":48},"end":{"line":42,"column":53}}]}},"s":{"0":1,"1":1,"2":1,"3":1,"4":1,"5":1,"6":1,"7":1,"8":1,"9":5,"10":5,"11":5,"12":5,"13":13,"14":5,"15":13,"16":5,"17":13,"18":5,"19":13,"20":5,"21":5,"22":1,"23":0,"24":1,"25":0,"26":1,"27":1,"28":1,"29":1,"30":1,"31":1,"32":1,"33":1,"34":1,"35":0,"36":1,"37":5},"f":{"0":5,"1":13,"2":13,"3":13,"4":13,"5":1},"b":{"0":[0,1],"1":[0,1],"2":[1,1,1,1]}}
,"D:\\Pruebas Tecnicas\\payment-checkout-challenge\\frontend\\src\\presentation\\hooks\\use-products.ts": {"path":"D:\\Pruebas Tecnicas\\payment-checkout-challenge\\frontend\\src\\presentation\\hooks\\use-products.ts","statementMap":{"0":{"start":{"line":20,"column":0},"end":{"line":20,"column":16}},"1":{"start":{"line":1,"column":0},"end":{"line":1,"column":47}},"2":{"start":{"line":2,"column":0},"end":{"line":2,"column":64}},"3":{"start":{"line":3,"column":0},"end":{"line":3,"column":72}},"4":{"start":{"line":4,"column":0},"end":{"line":4,"column":64}},"5":{"start":{"line":5,"column":0},"end":{"line":5,"column":null}},"6":{"start":{"line":21,"column":21},"end":{"line":21,"column":44}},"7":{"start":{"line":22,"column":19},"end":{"line":22,"column":35}},"8":{"start":{"line":23,"column":35},"end":{"line":23,"column":75}},"9":{"start":{"line":23,"column":61},"end":{"line":23,"column":74}},"10":{"start":{"line":25,"column":15},"end":{"line":33,"column":28}},"11":{"start":{"line":26,"column":4},"end":{"line":26,"column":35}},"12":{"start":{"line":27,"column":4},"end":{"line":32,"column":5}},"13":{"start":{"line":28,"column":23},"end":{"line":28,"column":53}},"14":{"start":{"line":29,"column":6},"end":{"line":29,"column":41}},"15":{"start":{"line":31,"column":6},"end":{"line":31,"column":56}},"16":{"start":{"line":35,"column":2},"end":{"line":37,"column":13}},"17":{"start":{"line":36,"column":4},"end":{"line":36,"column":16}},"18":{"start":{"line":39,"column":2},"end":{"line":39,"column":58}}},"fnMap":{"0":{"name":"useProducts","decl":{"start":{"line":20,"column":16},"end":{"line":20,"column":27}},"loc":{"start":{"line":20,"column":27},"end":{"line":40,"column":1}}},"1":{"name":"(anonymous_1)","decl":{"start":{"line":23,"column":50},"end":{"line":23,"column":51}},"loc":{"start":{"line":23,"column":61},"end":{"line":23,"column":74}}},"2":{"name":"(anonymous_2)","decl":{"start":{"line":25,"column":27},"end":{"line":25,"column":32}},"loc":{"start":{"line":25,"column":38},"end":{"line":33,"column":3}}},"3":{"name":"(anonymous_3)","decl":{"start":{"line":35,"column":12},"end":{"line":35,"column":15}},"loc":{"start":{"line":35,"column":17},"end":{"line":37,"column":3}}}},"branchMap":{},"s":{"0":1,"1":1,"2":1,"3":1,"4":1,"5":1,"6":11,"7":11,"8":11,"9":22,"10":11,"11":4,"12":4,"13":4,"14":3,"15":1,"16":11,"17":3,"18":11},"f":{"0":11,"1":22,"2":4,"3":3},"b":{}}
,"D:\\Pruebas Tecnicas\\payment-checkout-challenge\\frontend\\src\\presentation\\hooks\\use-selected-product.ts": {"path":"D:\\Pruebas Tecnicas\\payment-checkout-challenge\\frontend\\src\\presentation\\hooks\\use-selected-product.ts","statementMap":{"0":{"start":{"line":13,"column":0},"end":{"line":13,"column":16}},"1":{"start":{"line":1,"column":0},"end":{"line":1,"column":34}},"2":{"start":{"line":3,"column":0},"end":{"line":3,"column":72}},"3":{"start":{"line":4,"column":0},"end":{"line":4,"column":64}},"4":{"start":{"line":5,"column":0},"end":{"line":5,"column":64}},"5":{"start":{"line":14,"column":21},"end":{"line":14,"column":44}},"6":{"start":{"line":15,"column":19},"end":{"line":15,"column":35}},"7":{"start":{"line":16,"column":20},"end":{"line":16,"column":71}},"8":{"start":{"line":16,"column":46},"end":{"line":16,"column":70}},"9":{"start":{"line":17,"column":18},"end":{"line":17,"column":67}},"10":{"start":{"line":17,"column":44},"end":{"line":17,"column":66}},"11":{"start":{"line":19,"column":19},"end":{"line":19,"column":63}},"12":{"start":{"line":21,"column":2},"end":{"line":28,"column":50}},"13":{"start":{"line":22,"column":4},"end":{"line":27,"column":5}},"14":{"start":{"line":23,"column":6},"end":{"line":26,"column":32}},"15":{"start":{"line":25,"column":27},"end":{"line":25,"column":61}},"16":{"start":{"line":26,"column":21},"end":{"line":26,"column":30}},"17":{"start":{"line":30,"column":2},"end":{"line":30,"column":35}}},"fnMap":{"0":{"name":"useSelectedProduct","decl":{"start":{"line":13,"column":16},"end":{"line":13,"column":34}},"loc":{"start":{"line":13,"column":34},"end":{"line":31,"column":1}}},"1":{"name":"(anonymous_1)","decl":{"start":{"line":16,"column":35},"end":{"line":16,"column":36}},"loc":{"start":{"line":16,"column":46},"end":{"line":16,"column":70}}},"2":{"name":"(anonymous_2)","decl":{"start":{"line":17,"column":33},"end":{"line":17,"column":34}},"loc":{"start":{"line":17,"column":44},"end":{"line":17,"column":66}}},"3":{"name":"(anonymous_3)","decl":{"start":{"line":21,"column":12},"end":{"line":21,"column":15}},"loc":{"start":{"line":21,"column":17},"end":{"line":28,"column":3}}},"4":{"name":"(anonymous_4)","decl":{"start":{"line":25,"column":14},"end":{"line":25,"column":15}},"loc":{"start":{"line":25,"column":27},"end":{"line":25,"column":61}}},"5":{"name":"(anonymous_5)","decl":{"start":{"line":26,"column":15},"end":{"line":26,"column":18}},"loc":{"start":{"line":26,"column":21},"end":{"line":26,"column":30}}}},"branchMap":{"0":{"loc":{"start":{"line":19,"column":19},"end":{"line":19,"column":63}},"type":"binary-expr","locations":[{"start":{"line":19,"column":19},"end":{"line":19,"column":35}},{"start":{"line":19,"column":39},"end":{"line":19,"column":63}}]},"1":{"loc":{"start":{"line":22,"column":4},"end":{"line":27,"column":5}},"type":"if","locations":[{"start":{"line":22,"column":4},"end":{"line":27,"column":5}},{"start":{},"end":{}}]},"2":{"loc":{"start":{"line":22,"column":8},"end":{"line":22,"column":39}},"type":"binary-expr","locations":[{"start":{"line":22,"column":8},"end":{"line":22,"column":26}},{"start":{"line":22,"column":30},"end":{"line":22,"column":39}}]},"3":{"loc":{"start":{"line":30,"column":9},"end":{"line":30,"column":34}},"type":"cond-expr","locations":[{"start":{"line":30,"column":20},"end":{"line":30,"column":27}},{"start":{"line":30,"column":30},"end":{"line":30,"column":34}}]}},"s":{"0":3,"1":3,"2":3,"3":3,"4":3,"5":46,"6":46,"7":46,"8":64,"9":46,"10":64,"11":46,"12":46,"13":6,"14":0,"15":0,"16":0,"17":46},"f":{"0":46,"1":64,"2":64,"3":6,"4":0,"5":0},"b":{"0":[46,46],"1":[0,6],"2":[6,6],"3":[46,0]}}
,"D:\\Pruebas Tecnicas\\payment-checkout-challenge\\frontend\\src\\presentation\\hooks\\use-transaction-status.ts": {"path":"D:\\Pruebas Tecnicas\\payment-checkout-challenge\\frontend\\src\\presentation\\hooks\\use-transaction-status.ts","statementMap":{"0":{"start":{"line":20,"column":0},"end":{"line":20,"column":16}},"1":{"start":{"line":1,"column":0},"end":{"line":1,"column":47}},"2":{"start":{"line":2,"column":0},"end":{"line":2,"column":64}},"3":{"start":{"line":3,"column":0},"end":{"line":3,"column":72}},"4":{"start":{"line":4,"column":0},"end":{"line":4,"column":64}},"5":{"start":{"line":5,"column":0},"end":{"line":5,"column":null}},"6":{"start":{"line":21,"column":21},"end":{"line":21,"column":44}},"7":{"start":{"line":22,"column":19},"end":{"line":22,"column":35}},"8":{"start":{"line":23,"column":18},"end":{"line":23,"column":70}},"9":{"start":{"line":23,"column":44},"end":{"line":23,"column":69}},"10":{"start":{"line":24,"column":17},"end":{"line":24,"column":68}},"11":{"start":{"line":24,"column":43},"end":{"line":24,"column":67}},"12":{"start":{"line":25,"column":16},"end":{"line":25,"column":66}},"13":{"start":{"line":25,"column":42},"end":{"line":25,"column":65}},"14":{"start":{"line":27,"column":24},"end":{"line":27,"column":72}},"15":{"start":{"line":29,"column":15},"end":{"line":40,"column":43}},"16":{"start":{"line":30,"column":4},"end":{"line":32,"column":5}},"17":{"start":{"line":31,"column":6},"end":{"line":31,"column":13}},"18":{"start":{"line":33,"column":4},"end":{"line":33,"column":35}},"19":{"start":{"line":34,"column":4},"end":{"line":39,"column":5}},"20":{"start":{"line":35,"column":26},"end":{"line":35,"column":72}},"21":{"start":{"line":36,"column":6},"end":{"line":36,"column":49}},"22":{"start":{"line":38,"column":6},"end":{"line":38,"column":56}},"23":{"start":{"line":42,"column":2},"end":{"line":46,"column":28}},"24":{"start":{"line":43,"column":4},"end":{"line":45,"column":5}},"25":{"start":{"line":44,"column":6},"end":{"line":44,"column":18}},"26":{"start":{"line":48,"column":2},"end":{"line":53,"column":4}}},"fnMap":{"0":{"name":"useTransactionStatus","decl":{"start":{"line":20,"column":16},"end":{"line":20,"column":36}},"loc":{"start":{"line":20,"column":70},"end":{"line":54,"column":1}}},"1":{"name":"(anonymous_1)","decl":{"start":{"line":23,"column":33},"end":{"line":23,"column":34}},"loc":{"start":{"line":23,"column":44},"end":{"line":23,"column":69}}},"2":{"name":"(anonymous_2)","decl":{"start":{"line":24,"column":32},"end":{"line":24,"column":33}},"loc":{"start":{"line":24,"column":43},"end":{"line":24,"column":67}}},"3":{"name":"(anonymous_3)","decl":{"start":{"line":25,"column":31},"end":{"line":25,"column":32}},"loc":{"start":{"line":25,"column":42},"end":{"line":25,"column":65}}},"4":{"name":"(anonymous_4)","decl":{"start":{"line":29,"column":27},"end":{"line":29,"column":32}},"loc":{"start":{"line":29,"column":38},"end":{"line":40,"column":3}}},"5":{"name":"(anonymous_5)","decl":{"start":{"line":42,"column":12},"end":{"line":42,"column":15}},"loc":{"start":{"line":42,"column":17},"end":{"line":46,"column":3}}}},"branchMap":{"0":{"loc":{"start":{"line":27,"column":24},"end":{"line":27,"column":72}},"type":"binary-expr","locations":[{"start":{"line":27,"column":24},"end":{"line":27,"column":40}},{"start":{"line":27,"column":44},"end":{"line":27,"column":72}}]},"1":{"loc":{"start":{"line":30,"column":4},"end":{"line":32,"column":5}},"type":"if","locations":[{"start":{"line":30,"column":4},"end":{"line":32,"column":5}},{"start":{},"end":{}}]},"2":{"loc":{"start":{"line":43,"column":4},"end":{"line":45,"column":5}},"type":"if","locations":[{"start":{"line":43,"column":4},"end":{"line":45,"column":5}},{"start":{},"end":{}}]},"3":{"loc":{"start":{"line":49,"column":17},"end":{"line":49,"column":47}},"type":"cond-expr","locations":[{"start":{"line":49,"column":33},"end":{"line":49,"column":40}},{"start":{"line":49,"column":43},"end":{"line":49,"column":47}}]}},"s":{"0":1,"1":1,"2":1,"3":1,"4":1,"5":1,"6":6,"7":6,"8":6,"9":14,"10":6,"11":14,"12":6,"13":14,"14":6,"15":6,"16":2,"17":0,"18":2,"19":2,"20":2,"21":2,"22":0,"23":6,"24":4,"25":2,"26":6},"f":{"0":6,"1":14,"2":14,"3":14,"4":2,"5":4},"b":{"0":[6,2],"1":[0,2],"2":[2,2],"3":[2,4]}}
,"D:\\Pruebas Tecnicas\\payment-checkout-challenge\\frontend\\src\\presentation\\pages\\payment-and-delivery-page.tsx": {"path":"D:\\Pruebas Tecnicas\\payment-checkout-challenge\\frontend\\src\\presentation\\pages\\payment-and-delivery-page.tsx","statementMap":{"0":{"start":{"line":29,"column":0},"end":{"line":29,"column":16}},"1":{"start":{"line":1,"column":0},"end":{"line":1,"column":54}},"2":{"start":{"line":2,"column":0},"end":{"line":2,"column":42}},"3":{"start":{"line":3,"column":0},"end":{"line":3,"column":57}},"4":{"start":{"line":4,"column":0},"end":{"line":4,"column":71}},"5":{"start":{"line":5,"column":0},"end":{"line":5,"column":48}},"6":{"start":{"line":6,"column":0},"end":{"line":6,"column":44}},"7":{"start":{"line":7,"column":0},"end":{"line":7,"column":50}},"8":{"start":{"line":8,"column":0},"end":{"line":8,"column":53}},"9":{"start":{"line":9,"column":0},"end":{"line":9,"column":null}},"10":{"start":{"line":13,"column":0},"end":{"line":13,"column":62}},"11":{"start":{"line":14,"column":0},"end":{"line":14,"column":54}},"12":{"start":{"line":15,"column":0},"end":{"line":15,"column":61}},"13":{"start":{"line":16,"column":0},"end":{"line":16,"column":67}},"14":{"start":{"line":17,"column":0},"end":{"line":17,"column":64}},"15":{"start":{"line":18,"column":0},"end":{"line":18,"column":null}},"16":{"start":{"line":23,"column":0},"end":{"line":23,"column":56}},"17":{"start":{"line":30,"column":19},"end":{"line":30,"column":32}},"18":{"start":{"line":31,"column":19},"end":{"line":31,"column":35}},"19":{"start":{"line":32,"column":54},"end":{"line":33,"column":null}},"20":{"start":{"line":33,"column":15},"end":{"line":33,"column":29}},"21":{"start":{"line":35,"column":18},"end":{"line":35,"column":38}},"22":{"start":{"line":43,"column":6},"end":{"line":63,"column":4}},"23":{"start":{"line":66,"column":2},"end":{"line":68,"column":3}},"24":{"start":{"line":67,"column":4},"end":{"line":67,"column":46}},"25":{"start":{"line":70,"column":19},"end":{"line":100,"column":3}},"26":{"start":{"line":71,"column":4},"end":{"line":80,"column":6}},"27":{"start":{"line":81,"column":4},"end":{"line":89,"column":6}},"28":{"start":{"line":90,"column":4},"end":{"line":97,"column":6}},"29":{"start":{"line":98,"column":4},"end":{"line":98,"column":25}},"30":{"start":{"line":99,"column":4},"end":{"line":99,"column":34}},"31":{"start":{"line":102,"column":2},"end":{"line":149,"column":4}},"32":{"start":{"line":141,"column":27},"end":{"line":141,"column":47}}},"fnMap":{"0":{"name":"PaymentAndDeliveryPage","decl":{"start":{"line":29,"column":16},"end":{"line":29,"column":38}},"loc":{"start":{"line":29,"column":38},"end":{"line":150,"column":1}}},"1":{"name":"(anonymous_1)","decl":{"start":{"line":33,"column":4},"end":{"line":33,"column":5}},"loc":{"start":{"line":33,"column":15},"end":{"line":33,"column":29}}},"2":{"name":"(anonymous_2)","decl":{"start":{"line":70,"column":19},"end":{"line":70,"column":20}},"loc":{"start":{"line":70,"column":50},"end":{"line":100,"column":3}}},"3":{"name":"(anonymous_3)","decl":{"start":{"line":141,"column":21},"end":{"line":141,"column":24}},"loc":{"start":{"line":141,"column":27},"end":{"line":141,"column":47}}}},"branchMap":{"0":{"loc":{"start":{"line":52,"column":16},"end":{"line":52,"column":40}},"type":"binary-expr","locations":[{"start":{"line":52,"column":16},"end":{"line":52,"column":34}},{"start":{"line":52,"column":38},"end":{"line":52,"column":40}}]},"1":{"loc":{"start":{"line":53,"column":13},"end":{"line":53,"column":34}},"type":"binary-expr","locations":[{"start":{"line":53,"column":13},"end":{"line":53,"column":28}},{"start":{"line":53,"column":32},"end":{"line":53,"column":34}}]},"2":{"loc":{"start":{"line":54,"column":13},"end":{"line":54,"column":34}},"type":"binary-expr","locations":[{"start":{"line":54,"column":13},"end":{"line":54,"column":28}},{"start":{"line":54,"column":32},"end":{"line":54,"column":34}}]},"3":{"loc":{"start":{"line":56,"column":9},"end":{"line":56,"column":78}},"type":"binary-expr","locations":[{"start":{"line":56,"column":9},"end":{"line":56,"column":70}},{"start":{"line":56,"column":74},"end":{"line":56,"column":78}}]},"4":{"loc":{"start":{"line":57,"column":22},"end":{"line":57,"column":52}},"type":"binary-expr","locations":[{"start":{"line":57,"column":22},"end":{"line":57,"column":46}},{"start":{"line":57,"column":50},"end":{"line":57,"column":52}}]},"5":{"loc":{"start":{"line":58,"column":15},"end":{"line":58,"column":38}},"type":"binary-expr","locations":[{"start":{"line":58,"column":15},"end":{"line":58,"column":32}},{"start":{"line":58,"column":36},"end":{"line":58,"column":38}}]},"6":{"loc":{"start":{"line":59,"column":12},"end":{"line":59,"column":32}},"type":"binary-expr","locations":[{"start":{"line":59,"column":12},"end":{"line":59,"column":26}},{"start":{"line":59,"column":30},"end":{"line":59,"column":32}}]},"7":{"loc":{"start":{"line":60,"column":18},"end":{"line":60,"column":44}},"type":"binary-expr","locations":[{"start":{"line":60,"column":18},"end":{"line":60,"column":38}},{"start":{"line":60,"column":42},"end":{"line":60,"column":44}}]},"8":{"loc":{"start":{"line":61,"column":18},"end":{"line":61,"column":44}},"type":"binary-expr","locations":[{"start":{"line":61,"column":18},"end":{"line":61,"column":38}},{"start":{"line":61,"column":42},"end":{"line":61,"column":44}}]},"9":{"loc":{"start":{"line":66,"column":2},"end":{"line":68,"column":3}},"type":"if","locations":[{"start":{"line":66,"column":2},"end":{"line":68,"column":3}},{"start":{},"end":{}}]},"10":{"loc":{"start":{"line":106,"column":7},"end":{"line":116,"column":null}},"type":"binary-expr","locations":[{"start":{"line":106,"column":7},"end":{"line":106,"column":14}},{"start":{"line":107,"column":8},"end":{"line":115,"column":null}}]}},"s":{"0":1,"1":1,"2":1,"3":1,"4":1,"5":1,"6":1,"7":1,"8":1,"9":1,"10":1,"11":1,"12":1,"13":1,"14":1,"15":1,"16":1,"17":35,"18":35,"19":35,"20":37,"21":35,"22":35,"23":35,"24":0,"25":35,"26":0,"27":0,"28":0,"29":0,"30":0,"31":35,"32":0},"f":{"0":35,"1":37,"2":0,"3":0},"b":{"0":[35,35],"1":[35,35],"2":[35,35],"3":[35,35],"4":[35,35],"5":[35,35],"6":[35,35],"7":[35,35],"8":[35,35],"9":[0,35],"10":[35,35]}}
,"D:\\Pruebas Tecnicas\\payment-checkout-challenge\\frontend\\src\\presentation\\pages\\product-page.tsx": {"path":"D:\\Pruebas Tecnicas\\payment-checkout-challenge\\frontend\\src\\presentation\\pages\\product-page.tsx","statementMap":{"0":{"start":{"line":17,"column":0},"end":{"line":17,"column":16}},"1":{"start":{"line":1,"column":0},"end":{"line":1,"column":47}},"2":{"start":{"line":3,"column":0},"end":{"line":3,"column":44}},"3":{"start":{"line":4,"column":0},"end":{"line":4,"column":57}},"4":{"start":{"line":5,"column":0},"end":{"line":5,"column":57}},"5":{"start":{"line":6,"column":0},"end":{"line":6,"column":52}},"6":{"start":{"line":7,"column":0},"end":{"line":7,"column":65}},"7":{"start":{"line":8,"column":0},"end":{"line":8,"column":52}},"8":{"start":{"line":9,"column":0},"end":{"line":9,"column":48}},"9":{"start":{"line":10,"column":0},"end":{"line":10,"column":78}},"10":{"start":{"line":11,"column":0},"end":{"line":11,"column":64}},"11":{"start":{"line":18,"column":19},"end":{"line":18,"column":32}},"12":{"start":{"line":19,"column":19},"end":{"line":19,"column":35}},"13":{"start":{"line":20,"column":46},"end":{"line":20,"column":59}},"14":{"start":{"line":22,"column":20},"end":{"line":27,"column":3}},"15":{"start":{"line":23,"column":4},"end":{"line":23,"column":39}},"16":{"start":{"line":24,"column":4},"end":{"line":24,"column":71}},"17":{"start":{"line":25,"column":4},"end":{"line":25,"column":25}},"18":{"start":{"line":26,"column":4},"end":{"line":26,"column":34}},"19":{"start":{"line":29,"column":2},"end":{"line":64,"column":4}},"20":{"start":{"line":59,"column":12},"end":{"line":59,"column":42}},"21":{"start":{"line":71,"column":2},"end":{"line":85,"column":4}},"22":{"start":{"line":74,"column":8},"end":{"line":74,"column":26}}},"fnMap":{"0":{"name":"ProductPage","decl":{"start":{"line":17,"column":16},"end":{"line":17,"column":27}},"loc":{"start":{"line":17,"column":27},"end":{"line":65,"column":1}}},"1":{"name":"(anonymous_1)","decl":{"start":{"line":22,"column":20},"end":{"line":22,"column":21}},"loc":{"start":{"line":22,"column":59},"end":{"line":27,"column":3}}},"2":{"name":"(anonymous_2)","decl":{"start":{"line":58,"column":24},"end":{"line":58,"column":25}},"loc":{"start":{"line":59,"column":12},"end":{"line":59,"column":42}}},"3":{"name":"ProductGridSkeleton","decl":{"start":{"line":70,"column":9},"end":{"line":70,"column":28}},"loc":{"start":{"line":70,"column":28},"end":{"line":86,"column":1}}},"4":{"name":"(anonymous_4)","decl":{"start":{"line":73,"column":37},"end":{"line":73,"column":38}},"loc":{"start":{"line":74,"column":8},"end":{"line":74,"column":26}}}},"branchMap":{"0":{"loc":{"start":{"line":40,"column":7},"end":{"line":40,"column":54}},"type":"binary-expr","locations":[{"start":{"line":40,"column":7},"end":{"line":40,"column":27}},{"start":{"line":40,"column":31},"end":{"line":40,"column":54}}]},"1":{"loc":{"start":{"line":42,"column":7},"end":{"line":46,"column":null}},"type":"binary-expr","locations":[{"start":{"line":42,"column":7},"end":{"line":42,"column":26}},{"start":{"line":43,"column":8},"end":{"line":45,"column":null}}]},"2":{"loc":{"start":{"line":44,"column":19},"end":{"line":44,"column":60}},"type":"binary-expr","locations":[{"start":{"line":44,"column":19},"end":{"line":44,"column":24}},{"start":{"line":44,"column":28},"end":{"line":44,"column":60}}]},"3":{"loc":{"start":{"line":49,"column":7},"end":{"line":53,"column":null}},"type":"binary-expr","locations":[{"start":{"line":49,"column":7},"end":{"line":49,"column":29}},{"start":{"line":49,"column":33},"end":{"line":49,"column":54}},{"start":{"line":50,"column":8},"end":{"line":52,"column":null}}]},"4":{"loc":{"start":{"line":56,"column":7},"end":{"line":61,"column":null}},"type":"binary-expr","locations":[{"start":{"line":56,"column":7},"end":{"line":56,"column":29}},{"start":{"line":56,"column":33},"end":{"line":56,"column":52}},{"start":{"line":57,"column":8},"end":{"line":60,"column":null}}]}},"s":{"0":1,"1":1,"2":1,"3":1,"4":1,"5":1,"6":1,"7":1,"8":1,"9":1,"10":1,"11":11,"12":11,"13":11,"14":11,"15":0,"16":0,"17":0,"18":0,"19":11,"20":2,"21":4,"22":24},"f":{"0":11,"1":0,"2":2,"3":4,"4":24},"b":{"0":[11,4],"1":[11,1],"2":[1,0],"3":[11,3,1],"4":[11,3,2]}}
,"D:\\Pruebas Tecnicas\\payment-checkout-challenge\\frontend\\src\\presentation\\pages\\result-page.tsx": {"path":"D:\\Pruebas Tecnicas\\payment-checkout-challenge\\frontend\\src\\presentation\\pages\\result-page.tsx","statementMap":{"0":{"start":{"line":65,"column":0},"end":{"line":65,"column":16}},"1":{"start":{"line":1,"column":0},"end":{"line":1,"column":34}},"2":{"start":{"line":2,"column":0},"end":{"line":2,"column":68}},"3":{"start":{"line":4,"column":0},"end":{"line":4,"column":71}},"4":{"start":{"line":5,"column":0},"end":{"line":5,"column":48}},"5":{"start":{"line":6,"column":0},"end":{"line":6,"column":44}},"6":{"start":{"line":7,"column":0},"end":{"line":7,"column":50}},"7":{"start":{"line":8,"column":0},"end":{"line":8,"column":57}},"8":{"start":{"line":9,"column":0},"end":{"line":9,"column":50}},"9":{"start":{"line":10,"column":0},"end":{"line":10,"column":50}},"10":{"start":{"line":11,"column":0},"end":{"line":11,"column":74}},"11":{"start":{"line":12,"column":0},"end":{"line":12,"column":62}},"12":{"start":{"line":13,"column":0},"end":{"line":13,"column":67}},"13":{"start":{"line":14,"column":0},"end":{"line":14,"column":71}},"14":{"start":{"line":15,"column":0},"end":{"line":15,"column":64}},"15":{"start":{"line":16,"column":0},"end":{"line":16,"column":63}},"16":{"start":{"line":17,"column":0},"end":{"line":17,"column":58}},"17":{"start":{"line":18,"column":0},"end":{"line":18,"column":69}},"18":{"start":{"line":27,"column":59},"end":{"line":58,"column":2}},"19":{"start":{"line":66,"column":28},"end":{"line":66,"column":66}},"20":{"start":{"line":67,"column":19},"end":{"line":67,"column":32}},"21":{"start":{"line":68,"column":19},"end":{"line":68,"column":35}},"22":{"start":{"line":70,"column":4},"end":{"line":70,"column":39}},"23":{"start":{"line":71,"column":18},"end":{"line":71,"column":38}},"24":{"start":{"line":72,"column":19},"end":{"line":72,"column":69}},"25":{"start":{"line":72,"column":45},"end":{"line":72,"column":68}},"26":{"start":{"line":76,"column":2},"end":{"line":78,"column":17}},"27":{"start":{"line":77,"column":4},"end":{"line":77,"column":26}},"28":{"start":{"line":80,"column":2},"end":{"line":82,"column":3}},"29":{"start":{"line":81,"column":4},"end":{"line":81,"column":46}},"30":{"start":{"line":84,"column":22},"end":{"line":88,"column":3}},"31":{"start":{"line":85,"column":4},"end":{"line":85,"column":30}},"32":{"start":{"line":86,"column":4},"end":{"line":86,"column":33}},"33":{"start":{"line":87,"column":4},"end":{"line":87,"column":25}},"34":{"start":{"line":90,"column":2},"end":{"line":96,"column":3}},"35":{"start":{"line":91,"column":4},"end":{"line":95,"column":6}},"36":{"start":{"line":98,"column":2},"end":{"line":105,"column":3}},"37":{"start":{"line":99,"column":4},"end":{"line":104,"column":6}},"38":{"start":{"line":107,"column":15},"end":{"line":107,"column":46}},"39":{"start":{"line":108,"column":21},"end":{"line":108,"column":54}},"40":{"start":{"line":109,"column":20},"end":{"line":111,"column":42}},"41":{"start":{"line":113,"column":2},"end":{"line":187,"column":4}},"42":{"start":{"line":180,"column":27},"end":{"line":180,"column":56}}},"fnMap":{"0":{"name":"ResultPage","decl":{"start":{"line":65,"column":16},"end":{"line":65,"column":26}},"loc":{"start":{"line":65,"column":26},"end":{"line":188,"column":1}}},"1":{"name":"(anonymous_1)","decl":{"start":{"line":72,"column":34},"end":{"line":72,"column":35}},"loc":{"start":{"line":72,"column":45},"end":{"line":72,"column":68}}},"2":{"name":"(anonymous_2)","decl":{"start":{"line":76,"column":12},"end":{"line":76,"column":15}},"loc":{"start":{"line":76,"column":17},"end":{"line":78,"column":3}}},"3":{"name":"(anonymous_3)","decl":{"start":{"line":84,"column":22},"end":{"line":84,"column":25}},"loc":{"start":{"line":84,"column":27},"end":{"line":88,"column":3}}},"4":{"name":"(anonymous_4)","decl":{"start":{"line":180,"column":21},"end":{"line":180,"column":24}},"loc":{"start":{"line":180,"column":27},"end":{"line":180,"column":56}}}},"branchMap":{"0":{"loc":{"start":{"line":80,"column":2},"end":{"line":82,"column":3}},"type":"if","locations":[{"start":{"line":80,"column":2},"end":{"line":82,"column":3}},{"start":{},"end":{}}]},"1":{"loc":{"start":{"line":90,"column":2},"end":{"line":96,"column":3}},"type":"if","locations":[{"start":{"line":90,"column":2},"end":{"line":96,"column":3}},{"start":{},"end":{}}]},"2":{"loc":{"start":{"line":90,"column":6},"end":{"line":90,"column":50}},"type":"binary-expr","locations":[{"start":{"line":90,"column":6},"end":{"line":90,"column":26}},{"start":{"line":90,"column":30},"end":{"line":90,"column":50}}]},"3":{"loc":{"start":{"line":98,"column":2},"end":{"line":105,"column":3}},"type":"if","locations":[{"start":{"line":98,"column":2},"end":{"line":105,"column":3}},{"start":{},"end":{}}]},"4":{"loc":{"start":{"line":101,"column":17},"end":{"line":101,"column":75}},"type":"binary-expr","locations":[{"start":{"line":101,"column":17},"end":{"line":101,"column":22}},{"start":{"line":101,"column":26},"end":{"line":101,"column":75}}]},"5":{"loc":{"start":{"line":109,"column":20},"end":{"line":111,"column":42}},"type":"cond-expr","locations":[{"start":{"line":110,"column":6},"end":{"line":110,"column":49}},{"start":{"line":111,"column":6},"end":{"line":111,"column":42}}]},"6":{"loc":{"start":{"line":126,"column":9},"end":{"line":127,"column":null}},"type":"binary-expr","locations":[{"start":{"line":126,"column":9},"end":{"line":126,"column":34}},{"start":{"line":126,"column":38},"end":{"line":126,"column":49}},{"start":{"line":127,"column":10},"end":{"line":127,"column":82}}]},"7":{"loc":{"start":{"line":139,"column":9},"end":{"line":149,"column":null}},"type":"binary-expr","locations":[{"start":{"line":139,"column":9},"end":{"line":139,"column":16}},{"start":{"line":140,"column":10},"end":{"line":148,"column":null}}]},"8":{"loc":{"start":{"line":161,"column":9},"end":{"line":168,"column":null}},"type":"binary-expr","locations":[{"start":{"line":161,"column":9},"end":{"line":161,"column":17}},{"start":{"line":162,"column":10},"end":{"line":167,"column":null}}]},"9":{"loc":{"start":{"line":176,"column":9},"end":{"line":183,"column":null}},"type":"binary-expr","locations":[{"start":{"line":176,"column":9},"end":{"line":176,"column":20}},{"start":{"line":177,"column":10},"end":{"line":180,"column":null}}]}},"s":{"0":1,"1":1,"2":1,"3":1,"4":1,"5":1,"6":1,"7":1,"8":1,"9":1,"10":1,"11":1,"12":1,"13":1,"14":1,"15":1,"16":1,"17":1,"18":1,"19":6,"20":6,"21":6,"22":6,"23":6,"24":6,"25":14,"26":6,"27":2,"28":6,"29":0,"30":6,"31":0,"32":0,"33":0,"34":6,"35":2,"36":4,"37":2,"38":2,"39":2,"40":2,"41":2,"42":0},"f":{"0":6,"1":14,"2":2,"3":0,"4":0},"b":{"0":[0,6],"1":[2,4],"2":[6,2],"3":[2,2],"4":[2,2],"5":[2,0],"6":[2,1,1],"7":[2,2],"8":[2,2],"9":[2,1]}}
,"D:\\Pruebas Tecnicas\\payment-checkout-challenge\\frontend\\src\\presentation\\pages\\summary-page.tsx": {"path":"D:\\Pruebas Tecnicas\\payment-checkout-challenge\\frontend\\src\\presentation\\pages\\summary-page.tsx","statementMap":{"0":{"start":{"line":22,"column":0},"end":{"line":22,"column":16}},"1":{"start":{"line":1,"column":0},"end":{"line":1,"column":57}},"2":{"start":{"line":2,"column":0},"end":{"line":2,"column":61}},"3":{"start":{"line":3,"column":0},"end":{"line":3,"column":71}},"4":{"start":{"line":4,"column":0},"end":{"line":4,"column":46}},"5":{"start":{"line":5,"column":0},"end":{"line":5,"column":52}},"6":{"start":{"line":6,"column":0},"end":{"line":6,"column":48}},"7":{"start":{"line":7,"column":0},"end":{"line":7,"column":44}},"8":{"start":{"line":8,"column":0},"end":{"line":8,"column":50}},"9":{"start":{"line":9,"column":0},"end":{"line":9,"column":50}},"10":{"start":{"line":10,"column":0},"end":{"line":10,"column":50}},"11":{"start":{"line":11,"column":0},"end":{"line":11,"column":57}},"12":{"start":{"line":12,"column":0},"end":{"line":12,"column":74}},"13":{"start":{"line":13,"column":0},"end":{"line":13,"column":62}},"14":{"start":{"line":14,"column":0},"end":{"line":14,"column":52}},"15":{"start":{"line":15,"column":0},"end":{"line":15,"column":67}},"16":{"start":{"line":16,"column":0},"end":{"line":16,"column":48}},"17":{"start":{"line":23,"column":19},"end":{"line":23,"column":32}},"18":{"start":{"line":24,"column":44},"end":{"line":25,"column":null}},"19":{"start":{"line":25,"column":15},"end":{"line":25,"column":29}},"20":{"start":{"line":27,"column":15},"end":{"line":27,"column":60}},"21":{"start":{"line":27,"column":41},"end":{"line":27,"column":59}},"22":{"start":{"line":28,"column":18},"end":{"line":28,"column":38}},"23":{"start":{"line":29,"column":39},"end":{"line":29,"column":52}},"24":{"start":{"line":32,"column":2},"end":{"line":34,"column":3}},"25":{"start":{"line":33,"column":4},"end":{"line":33,"column":46}},"26":{"start":{"line":36,"column":2},"end":{"line":38,"column":3}},"27":{"start":{"line":37,"column":4},"end":{"line":37,"column":55}},"28":{"start":{"line":39,"column":2},"end":{"line":45,"column":3}},"29":{"start":{"line":40,"column":4},"end":{"line":44,"column":6}},"30":{"start":{"line":47,"column":26},"end":{"line":47,"column":57}},"31":{"start":{"line":49,"column":2},"end":{"line":112,"column":4}},"32":{"start":{"line":100,"column":27},"end":{"line":100,"column":56}}},"fnMap":{"0":{"name":"SummaryPage","decl":{"start":{"line":22,"column":16},"end":{"line":22,"column":27}},"loc":{"start":{"line":22,"column":27},"end":{"line":113,"column":1}}},"1":{"name":"(anonymous_1)","decl":{"start":{"line":25,"column":4},"end":{"line":25,"column":5}},"loc":{"start":{"line":25,"column":15},"end":{"line":25,"column":29}}},"2":{"name":"(anonymous_2)","decl":{"start":{"line":27,"column":30},"end":{"line":27,"column":31}},"loc":{"start":{"line":27,"column":41},"end":{"line":27,"column":59}}},"3":{"name":"(anonymous_3)","decl":{"start":{"line":100,"column":21},"end":{"line":100,"column":24}},"loc":{"start":{"line":100,"column":27},"end":{"line":100,"column":56}}}},"branchMap":{"0":{"loc":{"start":{"line":32,"column":2},"end":{"line":34,"column":3}},"type":"if","locations":[{"start":{"line":32,"column":2},"end":{"line":34,"column":3}},{"start":{},"end":{}}]},"1":{"loc":{"start":{"line":36,"column":2},"end":{"line":38,"column":3}},"type":"if","locations":[{"start":{"line":36,"column":2},"end":{"line":38,"column":3}},{"start":{},"end":{}}]},"2":{"loc":{"start":{"line":36,"column":6},"end":{"line":36,"column":40}},"type":"binary-expr","locations":[{"start":{"line":36,"column":6},"end":{"line":36,"column":19}},{"start":{"line":36,"column":23},"end":{"line":36,"column":40}}]},"3":{"loc":{"start":{"line":39,"column":2},"end":{"line":45,"column":3}},"type":"if","locations":[{"start":{"line":39,"column":2},"end":{"line":45,"column":3}},{"start":{},"end":{}}]},"4":{"loc":{"start":{"line":89,"column":9},"end":{"line":92,"column":null}},"type":"binary-expr","locations":[{"start":{"line":89,"column":9},"end":{"line":89,"column":14}},{"start":{"line":90,"column":10},"end":{"line":91,"column":null}}]},"5":{"loc":{"start":{"line":110,"column":7},"end":{"line":110,"column":65}},"type":"binary-expr","locations":[{"start":{"line":110,"column":7},"end":{"line":110,"column":19}},{"start":{"line":110,"column":23},"end":{"line":110,"column":65}}]}},"s":{"0":1,"1":1,"2":1,"3":1,"4":1,"5":1,"6":1,"7":1,"8":1,"9":1,"10":1,"11":1,"12":1,"13":1,"14":1,"15":1,"16":1,"17":5,"18":5,"19":13,"20":5,"21":13,"22":5,"23":5,"24":5,"25":0,"26":5,"27":0,"28":5,"29":0,"30":5,"31":5,"32":0},"f":{"0":5,"1":13,"2":13,"3":0},"b":{"0":[0,5],"1":[0,5],"2":[5,5],"3":[0,5],"4":[5,0],"5":[5,1]}}
,"D:\\Pruebas Tecnicas\\payment-checkout-challenge\\frontend\\src\\presentation\\providers\\repository-context.ts": {"path":"D:\\Pruebas Tecnicas\\payment-checkout-challenge\\frontend\\src\\presentation\\providers\\repository-context.ts","statementMap":{"0":{"start":{"line":16,"column":0},"end":{"line":16,"column":16}},"1":{"start":{"line":1,"column":0},"end":{"line":1,"column":50}},"2":{"start":{"line":3,"column":0},"end":{"line":3,"column":91}},"3":{"start":{"line":9,"column":13},"end":{"line":10,"column":60}},"4":{"start":{"line":17,"column":2},"end":{"line":17,"column":39}}},"fnMap":{"0":{"name":"useCheckoutRepository","decl":{"start":{"line":16,"column":16},"end":{"line":16,"column":37}},"loc":{"start":{"line":16,"column":37},"end":{"line":18,"column":1}}}},"branchMap":{},"s":{"0":4,"1":4,"2":4,"3":4,"4":68},"f":{"0":68},"b":{}}
,"D:\\Pruebas Tecnicas\\payment-checkout-challenge\\frontend\\src\\presentation\\store\\hooks.ts": {"path":"D:\\Pruebas Tecnicas\\payment-checkout-challenge\\frontend\\src\\presentation\\store\\hooks.ts","statementMap":{"0":{"start":{"line":1,"column":0},"end":{"line":1,"column":55}},"1":{"start":{"line":5,"column":30},"end":{"line":5,"column":62}},"2":{"start":{"line":5,"column":36},"end":{"line":5,"column":62}},"3":{"start":{"line":5,"column":13},"end":{"line":5,"column":30}},"4":{"start":{"line":8,"column":13},"end":{"line":8,"column":65}}},"fnMap":{"0":{"name":"(anonymous_0)","decl":{"start":{"line":5,"column":30},"end":{"line":5,"column":33}},"loc":{"start":{"line":5,"column":36},"end":{"line":5,"column":62}}}},"branchMap":{},"s":{"0":4,"1":4,"2":120,"3":4,"4":4},"f":{"0":120},"b":{}}
,"D:\\Pruebas Tecnicas\\payment-checkout-challenge\\frontend\\src\\presentation\\store\\persistence.ts": {"path":"D:\\Pruebas Tecnicas\\payment-checkout-challenge\\frontend\\src\\presentation\\store\\persistence.ts","statementMap":{"0":{"start":{"line":12,"column":0},"end":{"line":12,"column":16}},"1":{"start":{"line":27,"column":0},"end":{"line":27,"column":16}},"2":{"start":{"line":3,"column":20},"end":{"line":3,"column":39}},"3":{"start":{"line":13,"column":2},"end":{"line":21,"column":3}},"4":{"start":{"line":14,"column":16},"end":{"line":14,"column":49}},"5":{"start":{"line":15,"column":4},"end":{"line":17,"column":5}},"6":{"start":{"line":16,"column":6},"end":{"line":16,"column":23}},"7":{"start":{"line":18,"column":4},"end":{"line":18,"column":44}},"8":{"start":{"line":20,"column":4},"end":{"line":20,"column":21}},"9":{"start":{"line":28,"column":2},"end":{"line":32,"column":3}},"10":{"start":{"line":29,"column":4},"end":{"line":29,"column":61}}},"fnMap":{"0":{"name":"loadCheckoutState","decl":{"start":{"line":12,"column":16},"end":{"line":12,"column":33}},"loc":{"start":{"line":12,"column":33},"end":{"line":22,"column":1}}},"1":{"name":"saveCheckoutState","decl":{"start":{"line":27,"column":16},"end":{"line":27,"column":33}},"loc":{"start":{"line":27,"column":54},"end":{"line":33,"column":1}}}},"branchMap":{"0":{"loc":{"start":{"line":15,"column":4},"end":{"line":17,"column":5}},"type":"if","locations":[{"start":{"line":15,"column":4},"end":{"line":17,"column":5}},{"start":{},"end":{}}]}},"s":{"0":1,"1":1,"2":1,"3":3,"4":3,"5":3,"6":1,"7":2,"8":1,"9":1,"10":1},"f":{"0":3,"1":1},"b":{"0":[1,2]}}
,"D:\\Pruebas Tecnicas\\payment-checkout-challenge\\frontend\\src\\presentation\\store\\slices\\checkout-slice.ts": {"path":"D:\\Pruebas Tecnicas\\payment-checkout-challenge\\frontend\\src\\presentation\\store\\slices\\checkout-slice.ts","statementMap":{"0":{"start":{"line":1,"column":0},"end":{"line":1,"column":67}},"1":{"start":{"line":21,"column":36},"end":{"line":28,"column":2}},"2":{"start":{"line":30,"column":22},"end":{"line":57,"column":2}},"3":{"start":{"line":38,"column":6},"end":{"line":38,"column":49}},"4":{"start":{"line":39,"column":6},"end":{"line":39,"column":47}},"5":{"start":{"line":42,"column":6},"end":{"line":42,"column":38}},"6":{"start":{"line":45,"column":6},"end":{"line":45,"column":38}},"7":{"start":{"line":48,"column":6},"end":{"line":48,"column":43}},"8":{"start":{"line":51,"column":6},"end":{"line":51,"column":41}},"9":{"start":{"line":54,"column":6},"end":{"line":54,"column":26}},"10":{"start":{"line":59,"column":13},"end":{"line":65,"column":null}},"11":{"start":{"line":68,"column":13},"end":{"line":68,"column":53}}},"fnMap":{"0":{"name":"(anonymous_0)","decl":{"start":{"line":34,"column":4},"end":{"line":34,"column":23}},"loc":{"start":{"line":36,"column":68},"end":{"line":40,"column":5}}},"1":{"name":"(anonymous_1)","decl":{"start":{"line":41,"column":4},"end":{"line":41,"column":15}},"loc":{"start":{"line":41,"column":59},"end":{"line":43,"column":5}}},"2":{"name":"(anonymous_2)","decl":{"start":{"line":44,"column":4},"end":{"line":44,"column":15}},"loc":{"start":{"line":44,"column":59},"end":{"line":46,"column":5}}},"3":{"name":"(anonymous_3)","decl":{"start":{"line":47,"column":4},"end":{"line":47,"column":20}},"loc":{"start":{"line":47,"column":57},"end":{"line":49,"column":5}}},"4":{"name":"(anonymous_4)","decl":{"start":{"line":50,"column":4},"end":{"line":50,"column":11}},"loc":{"start":{"line":50,"column":48},"end":{"line":52,"column":5}}},"5":{"name":"(anonymous_5)","decl":{"start":{"line":53,"column":4},"end":{"line":53,"column":17}},"loc":{"start":{"line":53,"column":17},"end":{"line":55,"column":5}}}},"branchMap":{},"s":{"0":5,"1":5,"2":5,"3":1,"4":1,"5":1,"6":1,"7":2,"8":2,"9":1,"10":5,"11":5},"f":{"0":1,"1":1,"2":1,"3":2,"4":2,"5":1},"b":{}}
,"D:\\Pruebas Tecnicas\\payment-checkout-challenge\\frontend\\src\\presentation\\store\\slices\\payment-slice.ts": {"path":"D:\\Pruebas Tecnicas\\payment-checkout-challenge\\frontend\\src\\presentation\\store\\slices\\payment-slice.ts","statementMap":{"0":{"start":{"line":1,"column":0},"end":{"line":1,"column":67}},"1":{"start":{"line":14,"column":35},"end":{"line":16,"column":2}},"2":{"start":{"line":18,"column":21},"end":{"line":29,"column":2}},"3":{"start":{"line":23,"column":6},"end":{"line":23,"column":34}},"4":{"start":{"line":26,"column":6},"end":{"line":26,"column":26}},"5":{"start":{"line":31,"column":13},"end":{"line":31,"column":38}},"6":{"start":{"line":33,"column":13},"end":{"line":33,"column":51}}},"fnMap":{"0":{"name":"(anonymous_0)","decl":{"start":{"line":22,"column":4},"end":{"line":22,"column":11}},"loc":{"start":{"line":22,"column":51},"end":{"line":24,"column":5}}},"1":{"name":"(anonymous_1)","decl":{"start":{"line":25,"column":4},"end":{"line":25,"column":13}},"loc":{"start":{"line":25,"column":13},"end":{"line":27,"column":5}}}},"branchMap":{},"s":{"0":5,"1":5,"2":5,"3":1,"4":3,"5":5,"6":5},"f":{"0":1,"1":3},"b":{}}
,"D:\\Pruebas Tecnicas\\payment-checkout-challenge\\frontend\\src\\presentation\\store\\slices\\product-slice.ts": {"path":"D:\\Pruebas Tecnicas\\payment-checkout-challenge\\frontend\\src\\presentation\\store\\slices\\product-slice.ts","statementMap":{"0":{"start":{"line":1,"column":0},"end":{"line":1,"column":67}},"1":{"start":{"line":17,"column":35},"end":{"line":22,"column":2}},"2":{"start":{"line":24,"column":21},"end":{"line":45,"column":2}},"3":{"start":{"line":29,"column":6},"end":{"line":29,"column":31}},"4":{"start":{"line":30,"column":6},"end":{"line":30,"column":25}},"5":{"start":{"line":33,"column":6},"end":{"line":33,"column":35}},"6":{"start":{"line":34,"column":6},"end":{"line":34,"column":33}},"7":{"start":{"line":37,"column":6},"end":{"line":37,"column":38}},"8":{"start":{"line":38,"column":6},"end":{"line":38,"column":33}},"9":{"start":{"line":41,"column":6},"end":{"line":41,"column":30}},"10":{"start":{"line":42,"column":6},"end":{"line":42,"column":35}},"11":{"start":{"line":47,"column":13},"end":{"line":51,"column":null}},"12":{"start":{"line":54,"column":13},"end":{"line":54,"column":51}}},"fnMap":{"0":{"name":"(anonymous_0)","decl":{"start":{"line":28,"column":4},"end":{"line":28,"column":22}},"loc":{"start":{"line":28,"column":28},"end":{"line":31,"column":5}}},"1":{"name":"(anonymous_1)","decl":{"start":{"line":32,"column":4},"end":{"line":32,"column":18}},"loc":{"start":{"line":32,"column":58},"end":{"line":35,"column":5}}},"2":{"name":"(anonymous_2)","decl":{"start":{"line":36,"column":4},"end":{"line":36,"column":19}},"loc":{"start":{"line":36,"column":57},"end":{"line":39,"column":5}}},"3":{"name":"(anonymous_3)","decl":{"start":{"line":40,"column":4},"end":{"line":40,"column":21}},"loc":{"start":{"line":40,"column":58},"end":{"line":43,"column":5}}}},"branchMap":{},"s":{"0":5,"1":5,"2":5,"3":5,"4":5,"5":4,"6":4,"7":1,"8":1,"9":2,"10":2,"11":5,"12":5},"f":{"0":5,"1":4,"2":1,"3":2},"b":{}}
,"D:\\Pruebas Tecnicas\\payment-checkout-challenge\\frontend\\src\\presentation\\store\\slices\\transaction-slice.ts": {"path":"D:\\Pruebas Tecnicas\\payment-checkout-challenge\\frontend\\src\\presentation\\store\\slices\\transaction-slice.ts","statementMap":{"0":{"start":{"line":1,"column":0},"end":{"line":1,"column":67}},"1":{"start":{"line":15,"column":39},"end":{"line":19,"column":2}},"2":{"start":{"line":21,"column":25},"end":{"line":41,"column":2}},"3":{"start":{"line":26,"column":6},"end":{"line":26,"column":31}},"4":{"start":{"line":27,"column":6},"end":{"line":27,"column":25}},"5":{"start":{"line":30,"column":6},"end":{"line":30,"column":37}},"6":{"start":{"line":31,"column":6},"end":{"line":31,"column":33}},"7":{"start":{"line":34,"column":6},"end":{"line":34,"column":30}},"8":{"start":{"line":35,"column":6},"end":{"line":35,"column":35}},"9":{"start":{"line":38,"column":6},"end":{"line":38,"column":26}},"10":{"start":{"line":43,"column":13},"end":{"line":47,"column":null}},"11":{"start":{"line":50,"column":13},"end":{"line":50,"column":59}}},"fnMap":{"0":{"name":"(anonymous_0)","decl":{"start":{"line":25,"column":4},"end":{"line":25,"column":22}},"loc":{"start":{"line":25,"column":28},"end":{"line":28,"column":5}}},"1":{"name":"(anonymous_1)","decl":{"start":{"line":29,"column":4},"end":{"line":29,"column":23}},"loc":{"start":{"line":29,"column":65},"end":{"line":32,"column":5}}},"2":{"name":"(anonymous_2)","decl":{"start":{"line":33,"column":4},"end":{"line":33,"column":21}},"loc":{"start":{"line":33,"column":58},"end":{"line":36,"column":5}}},"3":{"name":"(anonymous_3)","decl":{"start":{"line":37,"column":4},"end":{"line":37,"column":20}},"loc":{"start":{"line":37,"column":20},"end":{"line":39,"column":5}}}},"branchMap":{},"s":{"0":5,"1":5,"2":5,"3":4,"4":4,"5":4,"6":4,"7":1,"8":1,"9":1,"10":5,"11":5},"f":{"0":4,"1":4,"2":1,"3":1},"b":{}}
,"D:\\Pruebas Tecnicas\\payment-checkout-challenge\\frontend\\src\\presentation\\store\\slices\\ui-slice.ts": {"path":"D:\\Pruebas Tecnicas\\payment-checkout-challenge\\frontend\\src\\presentation\\store\\slices\\ui-slice.ts","statementMap":{"0":{"start":{"line":1,"column":0},"end":{"line":1,"column":67}},"1":{"start":{"line":11,"column":30},"end":{"line":13,"column":2}},"2":{"start":{"line":15,"column":16},"end":{"line":23,"column":2}},"3":{"start":{"line":20,"column":6},"end":{"line":20,"column":49}},"4":{"start":{"line":25,"column":15},"end":{"line":25,"column":56}},"5":{"start":{"line":27,"column":13},"end":{"line":27,"column":41}}},"fnMap":{"0":{"name":"(anonymous_0)","decl":{"start":{"line":19,"column":4},"end":{"line":19,"column":24}},"loc":{"start":{"line":19,"column":62},"end":{"line":21,"column":5}}}},"branchMap":{},"s":{"0":5,"1":5,"2":5,"3":3,"4":5,"5":5},"f":{"0":3},"b":{}}
,"D:\\Pruebas Tecnicas\\payment-checkout-challenge\\frontend\\src\\shared\\constants\\checkout-steps.ts": {"path":"D:\\Pruebas Tecnicas\\payment-checkout-challenge\\frontend\\src\\shared\\constants\\checkout-steps.ts","statementMap":{"0":{"start":{"line":2,"column":13},"end":{"line":2,"column":72}}},"fnMap":{},"branchMap":{},"s":{"0":3},"f":{},"b":{}}
,"D:\\Pruebas Tecnicas\\payment-checkout-challenge\\frontend\\src\\shared\\constants\\product.ts": {"path":"D:\\Pruebas Tecnicas\\payment-checkout-challenge\\frontend\\src\\shared\\constants\\product.ts","statementMap":{"0":{"start":{"line":2,"column":13},"end":{"line":2,"column":30}},"1":{"start":{"line":5,"column":13},"end":{"line":5,"column":37}}},"fnMap":{},"branchMap":{},"s":{"0":3,"1":3},"f":{},"b":{}}
,"D:\\Pruebas Tecnicas\\payment-checkout-challenge\\frontend\\src\\shared\\ui\\alert.tsx": {"path":"D:\\Pruebas Tecnicas\\payment-checkout-challenge\\frontend\\src\\shared\\ui\\alert.tsx","statementMap":{"0":{"start":{"line":25,"column":0},"end":{"line":25,"column":16}},"1":{"start":{"line":2,"column":0},"end":{"line":2,"column":33}},"2":{"start":{"line":13,"column":41},"end":{"line":18,"column":2}},"3":{"start":{"line":26,"column":20},"end":{"line":26,"column":59}},"4":{"start":{"line":27,"column":2},"end":{"line":35,"column":4}}},"fnMap":{"0":{"name":"Alert","decl":{"start":{"line":25,"column":16},"end":{"line":25,"column":21}},"loc":{"start":{"line":25,"column":79},"end":{"line":36,"column":1}}}},"branchMap":{"0":{"loc":{"start":{"line":25,"column":24},"end":{"line":25,"column":37}},"type":"default-arg","locations":[{"start":{"line":25,"column":31},"end":{"line":25,"column":37}}]},"1":{"loc":{"start":{"line":26,"column":20},"end":{"line":26,"column":59}},"type":"binary-expr","locations":[{"start":{"line":26,"column":20},"end":{"line":26,"column":37}},{"start":{"line":26,"column":41},"end":{"line":26,"column":59}}]},"2":{"loc":{"start":{"line":29,"column":12},"end":{"line":29,"column":42}},"type":"cond-expr","locations":[{"start":{"line":29,"column":24},"end":{"line":29,"column":31}},{"start":{"line":29,"column":34},"end":{"line":29,"column":42}}]},"3":{"loc":{"start":{"line":32,"column":7},"end":{"line":32,"column":56}},"type":"binary-expr","locations":[{"start":{"line":32,"column":7},"end":{"line":32,"column":12}},{"start":{"line":32,"column":16},"end":{"line":32,"column":56}}]},"4":{"loc":{"start":{"line":33,"column":7},"end":{"line":33,"column":72}},"type":"binary-expr","locations":[{"start":{"line":33,"column":7},"end":{"line":33,"column":15}},{"start":{"line":33,"column":19},"end":{"line":33,"column":72}}]},"5":{"loc":{"start":{"line":33,"column":38},"end":{"line":33,"column":53}},"type":"binary-expr","locations":[{"start":{"line":33,"column":38},"end":{"line":33,"column":43}},{"start":{"line":33,"column":47},"end":{"line":33,"column":53}}]}},"s":{"0":4,"1":4,"2":4,"3":5,"4":5},"f":{"0":5},"b":{"0":[0],"1":[5,0],"2":[5,0],"3":[5,5],"4":[5,5],"5":[5,5]}}
,"D:\\Pruebas Tecnicas\\payment-checkout-challenge\\frontend\\src\\shared\\ui\\backdrop.tsx": {"path":"D:\\Pruebas Tecnicas\\payment-checkout-challenge\\frontend\\src\\shared\\ui\\backdrop.tsx","statementMap":{"0":{"start":{"line":12,"column":0},"end":{"line":12,"column":16}},"1":{"start":{"line":1,"column":0},"end":{"line":1,"column":36}},"2":{"start":{"line":13,"column":2},"end":{"line":23,"column":4}}},"fnMap":{"0":{"name":"Backdrop","decl":{"start":{"line":12,"column":16},"end":{"line":12,"column":24}},"loc":{"start":{"line":12,"column":67},"end":{"line":24,"column":1}}}},"branchMap":{"0":{"loc":{"start":{"line":12,"column":27},"end":{"line":12,"column":50}},"type":"default-arg","locations":[{"start":{"line":12,"column":37},"end":{"line":12,"column":50}}]}},"s":{"0":2,"1":2,"2":2},"f":{"0":2},"b":{"0":[0]}}
,"D:\\Pruebas Tecnicas\\payment-checkout-challenge\\frontend\\src\\shared\\ui\\badge.tsx": {"path":"D:\\Pruebas Tecnicas\\payment-checkout-challenge\\frontend\\src\\shared\\ui\\badge.tsx","statementMap":{"0":{"start":{"line":24,"column":0},"end":{"line":24,"column":16}},"1":{"start":{"line":2,"column":0},"end":{"line":2,"column":33}},"2":{"start":{"line":12,"column":41},"end":{"line":18,"column":2}},"3":{"start":{"line":25,"column":2},"end":{"line":35,"column":4}}},"fnMap":{"0":{"name":"Badge","decl":{"start":{"line":24,"column":16},"end":{"line":24,"column":21}},"loc":{"start":{"line":24,"column":75},"end":{"line":36,"column":1}}}},"branchMap":{"0":{"loc":{"start":{"line":24,"column":24},"end":{"line":24,"column":40}},"type":"default-arg","locations":[{"start":{"line":24,"column":31},"end":{"line":24,"column":40}}]}},"s":{"0":4,"1":4,"2":4,"3":40},"f":{"0":40},"b":{"0":[0]}}
,"D:\\Pruebas Tecnicas\\payment-checkout-challenge\\frontend\\src\\shared\\ui\\button.tsx": {"path":"D:\\Pruebas Tecnicas\\payment-checkout-challenge\\frontend\\src\\shared\\ui\\button.tsx","statementMap":{"0":{"start":{"line":38,"column":0},"end":{"line":38,"column":16}},"1":{"start":{"line":2,"column":0},"end":{"line":2,"column":33}},"2":{"start":{"line":3,"column":0},"end":{"line":3,"column":36}},"3":{"start":{"line":16,"column":48},"end":{"line":23,"column":2}},"4":{"start":{"line":25,"column":42},"end":{"line":29,"column":2}},"5":{"start":{"line":48,"column":2},"end":{"line":66,"column":4}}},"fnMap":{"0":{"name":"Button","decl":{"start":{"line":38,"column":16},"end":{"line":38,"column":22}},"loc":{"start":{"line":47,"column":14},"end":{"line":67,"column":1}}}},"branchMap":{"0":{"loc":{"start":{"line":39,"column":2},"end":{"line":39,"column":21}},"type":"default-arg","locations":[{"start":{"line":39,"column":12},"end":{"line":39,"column":21}}]},"1":{"loc":{"start":{"line":40,"column":2},"end":{"line":40,"column":13}},"type":"default-arg","locations":[{"start":{"line":40,"column":9},"end":{"line":40,"column":13}}]},"2":{"loc":{"start":{"line":41,"column":2},"end":{"line":41,"column":19}},"type":"default-arg","locations":[{"start":{"line":41,"column":14},"end":{"line":41,"column":19}}]},"3":{"loc":{"start":{"line":42,"column":2},"end":{"line":42,"column":19}},"type":"default-arg","locations":[{"start":{"line":42,"column":14},"end":{"line":42,"column":19}}]},"4":{"loc":{"start":{"line":56,"column":8},"end":{"line":56,"column":29}},"type":"binary-expr","locations":[{"start":{"line":56,"column":8},"end":{"line":56,"column":17}},{"start":{"line":56,"column":21},"end":{"line":56,"column":29}}]},"5":{"loc":{"start":{"line":59,"column":16},"end":{"line":59,"column":37}},"type":"binary-expr","locations":[{"start":{"line":59,"column":16},"end":{"line":59,"column":24}},{"start":{"line":59,"column":28},"end":{"line":59,"column":37}}]},"6":{"loc":{"start":{"line":63,"column":7},"end":{"line":63,"column":41}},"type":"binary-expr","locations":[{"start":{"line":63,"column":7},"end":{"line":63,"column":16}},{"start":{"line":63,"column":20},"end":{"line":63,"column":41}}]}},"s":{"0":7,"1":7,"2":7,"3":7,"4":7,"5":94},"f":{"0":94},"b":{"0":[49],"1":[94],"2":[88],"3":[86],"4":[94,8],"5":[94,92],"6":[94,2]}}
,"D:\\Pruebas Tecnicas\\payment-checkout-challenge\\frontend\\src\\shared\\ui\\card.tsx": {"path":"D:\\Pruebas Tecnicas\\payment-checkout-challenge\\frontend\\src\\shared\\ui\\card.tsx","statementMap":{"0":{"start":{"line":11,"column":0},"end":{"line":11,"column":16}},"1":{"start":{"line":2,"column":0},"end":{"line":2,"column":33}},"2":{"start":{"line":12,"column":2},"end":{"line":22,"column":4}}},"fnMap":{"0":{"name":"Card","decl":{"start":{"line":11,"column":16},"end":{"line":11,"column":20}},"loc":{"start":{"line":11,"column":65},"end":{"line":23,"column":1}}}},"branchMap":{},"s":{"0":5,"1":5,"2":148},"f":{"0":148},"b":{}}
,"D:\\Pruebas Tecnicas\\payment-checkout-challenge\\frontend\\src\\shared\\ui\\divider.tsx": {"path":"D:\\Pruebas Tecnicas\\payment-checkout-challenge\\frontend\\src\\shared\\ui\\divider.tsx","statementMap":{"0":{"start":{"line":6,"column":0},"end":{"line":6,"column":16}},"1":{"start":{"line":1,"column":0},"end":{"line":1,"column":33}},"2":{"start":{"line":7,"column":2},"end":{"line":7,"column":62}}},"fnMap":{"0":{"name":"Divider","decl":{"start":{"line":6,"column":16},"end":{"line":6,"column":23}},"loc":{"start":{"line":6,"column":61},"end":{"line":8,"column":1}}}},"branchMap":{},"s":{"0":4,"1":4,"2":18},"f":{"0":18},"b":{}}
,"D:\\Pruebas Tecnicas\\payment-checkout-challenge\\frontend\\src\\shared\\ui\\empty-state.tsx": {"path":"D:\\Pruebas Tecnicas\\payment-checkout-challenge\\frontend\\src\\shared\\ui\\empty-state.tsx","statementMap":{"0":{"start":{"line":13,"column":0},"end":{"line":13,"column":16}},"1":{"start":{"line":14,"column":2},"end":{"line":22,"column":4}}},"fnMap":{"0":{"name":"EmptyState","decl":{"start":{"line":13,"column":16},"end":{"line":13,"column":26}},"loc":{"start":{"line":13,"column":74},"end":{"line":23,"column":1}}}},"branchMap":{"0":{"loc":{"start":{"line":17,"column":7},"end":{"line":18,"column":null}},"type":"binary-expr","locations":[{"start":{"line":17,"column":7},"end":{"line":17,"column":18}},{"start":{"line":18,"column":8},"end":{"line":18,"column":68}}]},"1":{"loc":{"start":{"line":20,"column":7},"end":{"line":20,"column":53}},"type":"binary-expr","locations":[{"start":{"line":20,"column":7},"end":{"line":20,"column":13}},{"start":{"line":20,"column":17},"end":{"line":20,"column":53}}]}},"s":{"0":2,"1":2},"f":{"0":2},"b":{"0":[2,2],"1":[2,0]}}
,"D:\\Pruebas Tecnicas\\payment-checkout-challenge\\frontend\\src\\shared\\ui\\error-state.tsx": {"path":"D:\\Pruebas Tecnicas\\payment-checkout-challenge\\frontend\\src\\shared\\ui\\error-state.tsx","statementMap":{"0":{"start":{"line":13,"column":0},"end":{"line":13,"column":16}},"1":{"start":{"line":1,"column":0},"end":{"line":1,"column":32}},"2":{"start":{"line":2,"column":0},"end":{"line":2,"column":34}},"3":{"start":{"line":18,"column":2},"end":{"line":29,"column":4}}},"fnMap":{"0":{"name":"ErrorState","decl":{"start":{"line":13,"column":16},"end":{"line":13,"column":26}},"loc":{"start":{"line":17,"column":18},"end":{"line":30,"column":1}}}},"branchMap":{"0":{"loc":{"start":{"line":14,"column":2},"end":{"line":14,"column":26}},"type":"default-arg","locations":[{"start":{"line":14,"column":10},"end":{"line":14,"column":26}}]},"1":{"loc":{"start":{"line":23,"column":7},"end":{"line":26,"column":null}},"type":"binary-expr","locations":[{"start":{"line":23,"column":7},"end":{"line":23,"column":14}},{"start":{"line":24,"column":8},"end":{"line":24,"column":null}}]}},"s":{"0":3,"1":3,"2":3,"3":4},"f":{"0":4},"b":{"0":[4],"1":[4,4]}}
,"D:\\Pruebas Tecnicas\\payment-checkout-challenge\\frontend\\src\\shared\\ui\\form-field.tsx": {"path":"D:\\Pruebas Tecnicas\\payment-checkout-challenge\\frontend\\src\\shared\\ui\\form-field.tsx","statementMap":{"0":{"start":{"line":18,"column":0},"end":{"line":18,"column":16}},"1":{"start":{"line":25,"column":2},"end":{"line":42,"column":4}}},"fnMap":{"0":{"name":"FormField","decl":{"start":{"line":18,"column":16},"end":{"line":18,"column":25}},"loc":{"start":{"line":24,"column":17},"end":{"line":43,"column":1}}}},"branchMap":{"0":{"loc":{"start":{"line":31,"column":7},"end":{"line":31,"column":73}},"type":"binary-expr","locations":[{"start":{"line":31,"column":7},"end":{"line":31,"column":11}},{"start":{"line":31,"column":15},"end":{"line":31,"column":21}},{"start":{"line":31,"column":25},"end":{"line":31,"column":73}}]},"1":{"loc":{"start":{"line":32,"column":7},"end":{"line":39,"column":null}},"type":"binary-expr","locations":[{"start":{"line":32,"column":7},"end":{"line":32,"column":12}},{"start":{"line":33,"column":8},"end":{"line":38,"column":null}}]}},"s":{"0":2,"1":526},"f":{"0":526},"b":{"0":[526,35,35],"1":[526,26]}}
,"D:\\Pruebas Tecnicas\\payment-checkout-challenge\\frontend\\src\\shared\\ui\\input.tsx": {"path":"D:\\Pruebas Tecnicas\\payment-checkout-challenge\\frontend\\src\\shared\\ui\\input.tsx","statementMap":{"0":{"start":{"line":1,"column":0},"end":{"line":1,"column":61}},"1":{"start":{"line":2,"column":0},"end":{"line":2,"column":33}},"2":{"start":{"line":14,"column":13},"end":{"line":33,"column":3}},"3":{"start":{"line":18,"column":2},"end":{"line":32,"column":4}}},"fnMap":{"0":{"name":"Input","decl":{"start":{"line":14,"column":71},"end":{"line":14,"column":76}},"loc":{"start":{"line":16,"column":5},"end":{"line":33,"column":1}}}},"branchMap":{"0":{"loc":{"start":{"line":15,"column":4},"end":{"line":15,"column":19}},"type":"default-arg","locations":[{"start":{"line":15,"column":14},"end":{"line":15,"column":19}}]},"1":{"loc":{"start":{"line":21,"column":20},"end":{"line":21,"column":40}},"type":"binary-expr","locations":[{"start":{"line":21,"column":20},"end":{"line":21,"column":27}},{"start":{"line":21,"column":31},"end":{"line":21,"column":40}}]},"2":{"loc":{"start":{"line":25,"column":8},"end":{"line":27,"column":58}},"type":"cond-expr","locations":[{"start":{"line":26,"column":12},"end":{"line":26,"column":55}},{"start":{"line":27,"column":12},"end":{"line":27,"column":58}}]}},"s":{"0":2,"1":2,"2":2,"3":491},"f":{"0":491},"b":{"0":[1],"1":[491,466],"2":[25,466]}}
,"D:\\Pruebas Tecnicas\\payment-checkout-challenge\\frontend\\src\\shared\\ui\\price.tsx": {"path":"D:\\Pruebas Tecnicas\\payment-checkout-challenge\\frontend\\src\\shared\\ui\\price.tsx","statementMap":{"0":{"start":{"line":13,"column":0},"end":{"line":13,"column":16}},"1":{"start":{"line":1,"column":0},"end":{"line":1,"column":33}},"2":{"start":{"line":2,"column":0},"end":{"line":2,"column":45}},"3":{"start":{"line":14,"column":2},"end":{"line":18,"column":4}}},"fnMap":{"0":{"name":"Price","decl":{"start":{"line":13,"column":16},"end":{"line":13,"column":21}},"loc":{"start":{"line":13,"column":72},"end":{"line":19,"column":1}}}},"branchMap":{},"s":{"0":6,"1":6,"2":6,"3":81},"f":{"0":81},"b":{}}
,"D:\\Pruebas Tecnicas\\payment-checkout-challenge\\frontend\\src\\shared\\ui\\select.tsx": {"path":"D:\\Pruebas Tecnicas\\payment-checkout-challenge\\frontend\\src\\shared\\ui\\select.tsx","statementMap":{"0":{"start":{"line":1,"column":0},"end":{"line":1,"column":62}},"1":{"start":{"line":2,"column":0},"end":{"line":2,"column":33}},"2":{"start":{"line":17,"column":13},"end":{"line":41,"column":2}},"3":{"start":{"line":19,"column":4},"end":{"line":39,"column":6}},"4":{"start":{"line":34,"column":10},"end":{"line":34,"column":37}}},"fnMap":{"0":{"name":"Select","decl":{"start":{"line":18,"column":11},"end":{"line":18,"column":17}},"loc":{"start":{"line":18,"column":72},"end":{"line":40,"column":3}}},"1":{"name":"(anonymous_1)","decl":{"start":{"line":33,"column":21},"end":{"line":33,"column":22}},"loc":{"start":{"line":34,"column":10},"end":{"line":34,"column":37}}}},"branchMap":{"0":{"loc":{"start":{"line":18,"column":29},"end":{"line":18,"column":44}},"type":"default-arg","locations":[{"start":{"line":18,"column":39},"end":{"line":18,"column":44}}]},"1":{"loc":{"start":{"line":22,"column":22},"end":{"line":22,"column":42}},"type":"binary-expr","locations":[{"start":{"line":22,"column":22},"end":{"line":22,"column":29}},{"start":{"line":22,"column":33},"end":{"line":22,"column":42}}]},"2":{"loc":{"start":{"line":26,"column":10},"end":{"line":28,"column":60}},"type":"cond-expr","locations":[{"start":{"line":27,"column":14},"end":{"line":27,"column":57}},{"start":{"line":28,"column":14},"end":{"line":28,"column":60}}]}},"s":{"0":2,"1":2,"2":2,"3":36,"4":142},"f":{"0":36,"1":142},"b":{"0":[1],"1":[36,36],"2":[0,36]}}
,"D:\\Pruebas Tecnicas\\payment-checkout-challenge\\frontend\\src\\shared\\ui\\skeleton.tsx": {"path":"D:\\Pruebas Tecnicas\\payment-checkout-challenge\\frontend\\src\\shared\\ui\\skeleton.tsx","statementMap":{"0":{"start":{"line":11,"column":0},"end":{"line":11,"column":16}},"1":{"start":{"line":1,"column":0},"end":{"line":1,"column":33}},"2":{"start":{"line":12,"column":2},"end":{"line":17,"column":4}}},"fnMap":{"0":{"name":"Skeleton","decl":{"start":{"line":11,"column":16},"end":{"line":11,"column":24}},"loc":{"start":{"line":11,"column":53},"end":{"line":18,"column":1}}}},"branchMap":{},"s":{"0":2,"1":2,"2":121},"f":{"0":121},"b":{}}
,"D:\\Pruebas Tecnicas\\payment-checkout-challenge\\frontend\\src\\shared\\ui\\spinner.tsx": {"path":"D:\\Pruebas Tecnicas\\payment-checkout-challenge\\frontend\\src\\shared\\ui\\spinner.tsx","statementMap":{"0":{"start":{"line":20,"column":0},"end":{"line":20,"column":16}},"1":{"start":{"line":1,"column":0},"end":{"line":1,"column":33}},"2":{"start":{"line":9,"column":14},"end":{"line":13,"column":2}},"3":{"start":{"line":25,"column":2},"end":{"line":37,"column":4}}},"fnMap":{"0":{"name":"Spinner","decl":{"start":{"line":20,"column":16},"end":{"line":20,"column":23}},"loc":{"start":{"line":24,"column":15},"end":{"line":38,"column":1}}}},"branchMap":{"0":{"loc":{"start":{"line":21,"column":2},"end":{"line":21,"column":13}},"type":"default-arg","locations":[{"start":{"line":21,"column":9},"end":{"line":21,"column":13}}]},"1":{"loc":{"start":{"line":23,"column":2},"end":{"line":23,"column":20}},"type":"default-arg","locations":[{"start":{"line":23,"column":10},"end":{"line":23,"column":20}}]}},"s":{"0":7,"1":7,"2":7,"3":7},"f":{"0":7},"b":{"0":[1],"1":[7]}}
,"D:\\Pruebas Tecnicas\\payment-checkout-challenge\\frontend\\src\\shared\\ui\\stepper.tsx": {"path":"D:\\Pruebas Tecnicas\\payment-checkout-challenge\\frontend\\src\\shared\\ui\\stepper.tsx","statementMap":{"0":{"start":{"line":14,"column":0},"end":{"line":14,"column":16}},"1":{"start":{"line":1,"column":0},"end":{"line":1,"column":33}},"2":{"start":{"line":15,"column":2},"end":{"line":56,"column":4}},"3":{"start":{"line":18,"column":27},"end":{"line":18,"column":36}},"4":{"start":{"line":19,"column":28},"end":{"line":19,"column":48}},"5":{"start":{"line":20,"column":26},"end":{"line":20,"column":48}},"6":{"start":{"line":22,"column":8},"end":{"line":53,"column":10}}},"fnMap":{"0":{"name":"Stepper","decl":{"start":{"line":14,"column":16},"end":{"line":14,"column":23}},"loc":{"start":{"line":14,"column":56},"end":{"line":57,"column":1}}},"1":{"name":"(anonymous_1)","decl":{"start":{"line":17,"column":17},"end":{"line":17,"column":18}},"loc":{"start":{"line":17,"column":34},"end":{"line":54,"column":7}}}},"branchMap":{"0":{"loc":{"start":{"line":25,"column":28},"end":{"line":25,"column":58}},"type":"cond-expr","locations":[{"start":{"line":25,"column":40},"end":{"line":25,"column":46}},{"start":{"line":25,"column":49},"end":{"line":25,"column":58}}]},"1":{"loc":{"start":{"line":28,"column":16},"end":{"line":28,"column":55}},"type":"binary-expr","locations":[{"start":{"line":28,"column":16},"end":{"line":28,"column":27}},{"start":{"line":28,"column":31},"end":{"line":28,"column":55}}]},"2":{"loc":{"start":{"line":29,"column":16},"end":{"line":29,"column":74}},"type":"binary-expr","locations":[{"start":{"line":29,"column":16},"end":{"line":29,"column":25}},{"start":{"line":29,"column":29},"end":{"line":29,"column":74}}]},"3":{"loc":{"start":{"line":30,"column":16},"end":{"line":30,"column":75}},"type":"binary-expr","locations":[{"start":{"line":30,"column":16},"end":{"line":30,"column":28}},{"start":{"line":30,"column":32},"end":{"line":30,"column":42}},{"start":{"line":30,"column":46},"end":{"line":30,"column":75}}]},"4":{"loc":{"start":{"line":33,"column":15},"end":{"line":33,"column":45}},"type":"cond-expr","locations":[{"start":{"line":33,"column":29},"end":{"line":33,"column":32}},{"start":{"line":33,"column":35},"end":{"line":33,"column":45}}]},"5":{"loc":{"start":{"line":38,"column":16},"end":{"line":38,"column":63}},"type":"cond-expr","locations":[{"start":{"line":38,"column":28},"end":{"line":38,"column":44}},{"start":{"line":38,"column":47},"end":{"line":38,"column":63}}]},"6":{"loc":{"start":{"line":43,"column":13},"end":{"line":50,"column":null}},"type":"binary-expr","locations":[{"start":{"line":43,"column":13},"end":{"line":43,"column":38}},{"start":{"line":44,"column":14},"end":{"line":48,"column":null}}]},"7":{"loc":{"start":{"line":47,"column":18},"end":{"line":47,"column":62}},"type":"cond-expr","locations":[{"start":{"line":47,"column":32},"end":{"line":47,"column":45}},{"start":{"line":47,"column":48},"end":{"line":47,"column":62}}]}},"s":{"0":4,"1":4,"2":43,"3":129,"4":129,"5":129,"6":129},"f":{"0":43,"1":129},"b":{"0":[43,86],"1":[129,10],"2":[129,43],"3":[129,119,76],"4":[10,119],"5":[43,86],"6":[129,86],"7":[10,76]}}
,"D:\\Pruebas Tecnicas\\payment-checkout-challenge\\frontend\\src\\shared\\utils\\card.ts": {"path":"D:\\Pruebas Tecnicas\\payment-checkout-challenge\\frontend\\src\\shared\\utils\\card.ts","statementMap":{"0":{"start":{"line":5,"column":0},"end":{"line":5,"column":16}},"1":{"start":{"line":14,"column":0},"end":{"line":14,"column":16}},"2":{"start":{"line":30,"column":0},"end":{"line":30,"column":16}},"3":{"start":{"line":52,"column":0},"end":{"line":52,"column":16}},"4":{"start":{"line":62,"column":0},"end":{"line":62,"column":16}},"5":{"start":{"line":78,"column":0},"end":{"line":78,"column":16}},"6":{"start":{"line":6,"column":2},"end":{"line":6,"column":34}},"7":{"start":{"line":15,"column":17},"end":{"line":15,"column":34}},"8":{"start":{"line":16,"column":2},"end":{"line":18,"column":3}},"9":{"start":{"line":17,"column":4},"end":{"line":17,"column":18}},"10":{"start":{"line":19,"column":2},"end":{"line":21,"column":3}},"11":{"start":{"line":20,"column":4},"end":{"line":20,"column":24}},"12":{"start":{"line":22,"column":2},"end":{"line":22,"column":19}},"13":{"start":{"line":31,"column":17},"end":{"line":31,"column":34}},"14":{"start":{"line":32,"column":2},"end":{"line":34,"column":3}},"15":{"start":{"line":33,"column":4},"end":{"line":33,"column":17}},"16":{"start":{"line":35,"column":12},"end":{"line":35,"column":13}},"17":{"start":{"line":36,"column":15},"end":{"line":36,"column":20}},"18":{"start":{"line":37,"column":2},"end":{"line":47,"column":3}},"19":{"start":{"line":37,"column":15},"end":{"line":37,"column":32}},"20":{"start":{"line":38,"column":16},"end":{"line":38,"column":33}},"21":{"start":{"line":39,"column":4},"end":{"line":44,"column":5}},"22":{"start":{"line":40,"column":6},"end":{"line":40,"column":17}},"23":{"start":{"line":41,"column":6},"end":{"line":43,"column":7}},"24":{"start":{"line":42,"column":8},"end":{"line":42,"column":19}},"25":{"start":{"line":45,"column":4},"end":{"line":45,"column":17}},"26":{"start":{"line":46,"column":4},"end":{"line":46,"column":21}},"27":{"start":{"line":48,"column":2},"end":{"line":48,"column":24}},"28":{"start":{"line":53,"column":2},"end":{"line":56,"column":12}},"29":{"start":{"line":63,"column":13},"end":{"line":63,"column":26}},"30":{"start":{"line":64,"column":13},"end":{"line":64,"column":25}},"31":{"start":{"line":65,"column":2},"end":{"line":67,"column":3}},"32":{"start":{"line":66,"column":4},"end":{"line":66,"column":17}},"33":{"start":{"line":68,"column":14},"end":{"line":68,"column":24}},"34":{"start":{"line":69,"column":22},"end":{"line":69,"column":45}},"35":{"start":{"line":70,"column":23},"end":{"line":70,"column":41}},"36":{"start":{"line":71,"column":2},"end":{"line":73,"column":3}},"37":{"start":{"line":72,"column":4},"end":{"line":72,"column":17}},"38":{"start":{"line":74,"column":2},"end":{"line":74,"column":52}},"39":{"start":{"line":79,"column":16},"end":{"line":79,"column":43}},"40":{"start":{"line":80,"column":2},"end":{"line":80,"column":35}}},"fnMap":{"0":{"name":"onlyDigits","decl":{"start":{"line":5,"column":16},"end":{"line":5,"column":26}},"loc":{"start":{"line":5,"column":40},"end":{"line":7,"column":1}}},"1":{"name":"detectCardBrand","decl":{"start":{"line":14,"column":16},"end":{"line":14,"column":31}},"loc":{"start":{"line":14,"column":45},"end":{"line":23,"column":1}}},"2":{"name":"luhnCheck","decl":{"start":{"line":30,"column":16},"end":{"line":30,"column":25}},"loc":{"start":{"line":30,"column":39},"end":{"line":49,"column":1}}},"3":{"name":"formatCardNumber","decl":{"start":{"line":52,"column":16},"end":{"line":52,"column":32}},"loc":{"start":{"line":52,"column":46},"end":{"line":57,"column":1}}},"4":{"name":"isValidExpiry","decl":{"start":{"line":62,"column":16},"end":{"line":62,"column":29}},"loc":{"start":{"line":62,"column":57},"end":{"line":75,"column":1}}},"5":{"name":"maskCardNumber","decl":{"start":{"line":78,"column":16},"end":{"line":78,"column":30}},"loc":{"start":{"line":78,"column":44},"end":{"line":81,"column":1}}}},"branchMap":{"0":{"loc":{"start":{"line":16,"column":2},"end":{"line":18,"column":3}},"type":"if","locations":[{"start":{"line":16,"column":2},"end":{"line":18,"column":3}},{"start":{},"end":{}}]},"1":{"loc":{"start":{"line":19,"column":2},"end":{"line":21,"column":3}},"type":"if","locations":[{"start":{"line":19,"column":2},"end":{"line":21,"column":3}},{"start":{},"end":{}}]},"2":{"loc":{"start":{"line":32,"column":2},"end":{"line":34,"column":3}},"type":"if","locations":[{"start":{"line":32,"column":2},"end":{"line":34,"column":3}},{"start":{},"end":{}}]},"3":{"loc":{"start":{"line":39,"column":4},"end":{"line":44,"column":5}},"type":"if","locations":[{"start":{"line":39,"column":4},"end":{"line":44,"column":5}},{"start":{},"end":{}}]},"4":{"loc":{"start":{"line":41,"column":6},"end":{"line":43,"column":7}},"type":"if","locations":[{"start":{"line":41,"column":6},"end":{"line":43,"column":7}},{"start":{},"end":{}}]},"5":{"loc":{"start":{"line":65,"column":2},"end":{"line":67,"column":3}},"type":"if","locations":[{"start":{"line":65,"column":2},"end":{"line":67,"column":3}},{"start":{},"end":{}}]},"6":{"loc":{"start":{"line":65,"column":6},"end":{"line":65,"column":69}},"type":"binary-expr","locations":[{"start":{"line":65,"column":6},"end":{"line":65,"column":27}},{"start":{"line":65,"column":31},"end":{"line":65,"column":37}},{"start":{"line":65,"column":41},"end":{"line":65,"column":48}},{"start":{"line":65,"column":52},"end":{"line":65,"column":69}}]},"7":{"loc":{"start":{"line":71,"column":2},"end":{"line":73,"column":3}},"type":"if","locations":[{"start":{"line":71,"column":2},"end":{"line":73,"column":3}},{"start":{},"end":{}}]},"8":{"loc":{"start":{"line":74,"column":11},"end":{"line":74,"column":50}},"type":"binary-expr","locations":[{"start":{"line":74,"column":11},"end":{"line":74,"column":29}},{"start":{"line":74,"column":33},"end":{"line":74,"column":50}}]}},"s":{"0":4,"1":4,"2":4,"3":4,"4":4,"5":4,"6":107,"7":38,"8":38,"9":32,"10":6,"11":1,"12":5,"13":24,"14":24,"15":13,"16":11,"17":11,"18":11,"19":11,"20":170,"21":170,"22":84,"23":84,"24":0,"25":170,"26":170,"27":11,"28":17,"29":24,"30":24,"31":24,"32":17,"33":7,"34":7,"35":7,"36":7,"37":2,"38":5,"39":6,"40":6},"f":{"0":107,"1":38,"2":24,"3":17,"4":24,"5":6},"b":{"0":[32,6],"1":[1,5],"2":[13,11],"3":[84,86],"4":[0,84],"5":[17,7],"6":[24,24,8,7],"7":[2,5],"8":[5,0]}}
,"D:\\Pruebas Tecnicas\\payment-checkout-challenge\\frontend\\src\\shared\\utils\\cn.ts": {"path":"D:\\Pruebas Tecnicas\\payment-checkout-challenge\\frontend\\src\\shared\\utils\\cn.ts","statementMap":{"0":{"start":{"line":13,"column":0},"end":{"line":13,"column":16}},"1":{"start":{"line":1,"column":0},"end":{"line":1,"column":45}},"2":{"start":{"line":2,"column":0},"end":{"line":2,"column":41}},"3":{"start":{"line":14,"column":2},"end":{"line":14,"column":31}}},"fnMap":{"0":{"name":"cn","decl":{"start":{"line":13,"column":16},"end":{"line":13,"column":18}},"loc":{"start":{"line":13,"column":42},"end":{"line":15,"column":1}}}},"branchMap":{},"s":{"0":7,"1":7,"2":7,"3":1402},"f":{"0":1402},"b":{}}
,"D:\\Pruebas Tecnicas\\payment-checkout-challenge\\frontend\\src\\shared\\utils\\error-message.ts": {"path":"D:\\Pruebas Tecnicas\\payment-checkout-challenge\\frontend\\src\\shared\\utils\\error-message.ts","statementMap":{"0":{"start":{"line":9,"column":0},"end":{"line":9,"column":16}},"1":{"start":{"line":1,"column":0},"end":{"line":1,"column":68}},"2":{"start":{"line":10,"column":2},"end":{"line":12,"column":3}},"3":{"start":{"line":11,"column":4},"end":{"line":11,"column":25}},"4":{"start":{"line":13,"column":2},"end":{"line":13,"column":58}}},"fnMap":{"0":{"name":"errorMessage","decl":{"start":{"line":9,"column":16},"end":{"line":9,"column":28}},"loc":{"start":{"line":9,"column":43},"end":{"line":14,"column":1}}}},"branchMap":{"0":{"loc":{"start":{"line":10,"column":2},"end":{"line":12,"column":3}},"type":"if","locations":[{"start":{"line":10,"column":2},"end":{"line":12,"column":3}},{"start":{},"end":{}}]}},"s":{"0":4,"1":4,"2":3,"3":1,"4":2},"f":{"0":3},"b":{"0":[1,2]}}
,"D:\\Pruebas Tecnicas\\payment-checkout-challenge\\frontend\\src\\shared\\utils\\money.ts": {"path":"D:\\Pruebas Tecnicas\\payment-checkout-challenge\\frontend\\src\\shared\\utils\\money.ts","statementMap":{"0":{"start":{"line":11,"column":0},"end":{"line":11,"column":16}},"1":{"start":{"line":12,"column":2},"end":{"line":17,"column":33}}},"fnMap":{"0":{"name":"formatMoney","decl":{"start":{"line":11,"column":16},"end":{"line":11,"column":27}},"loc":{"start":{"line":11,"column":67},"end":{"line":18,"column":1}}}},"branchMap":{},"s":{"0":7,"1":83},"f":{"0":83},"b":{}}
}
