TN:
SF:src\domain\errors\checkout-errors.ts
FN:10,(anonymous_0)
FN:19,(anonymous_1)
FN:27,(anonymous_2)
FN:35,(anonymous_3)
FN:43,(anonymous_4)
FN:51,(anonymous_5)
FNF:6
FNH:4
FNDA:4,(anonymous_0)
FNDA:2,(anonymous_1)
FNDA:1,(anonymous_2)
FNDA:0,(anonymous_3)
FNDA:0,(anonymous_4)
FNDA:1,(anonymous_5)
DA:7,6
DA:11,4
DA:12,4
DA:17,6
DA:18,2
DA:20,2
DA:25,6
DA:26,1
DA:28,1
DA:33,6
DA:34,0
DA:36,0
DA:41,6
DA:42,0
DA:44,0
DA:49,6
DA:50,1
DA:52,1
LF:18
LH:14
BRDA:19,0,0,1
BRDA:27,1,0,1
BRDA:35,2,0,0
BRDA:43,3,0,0
BRDA:51,4,0,1
BRF:5
BRH:3
end_of_record
TN:
SF:src\infrastructure\http\http-client.ts
FNF:0
FNH:0
DA:1,4
DA:2,4
DA:10,4
LF:3
LH:3
BRF:0
BRH:0
end_of_record
TN:
SF:src\infrastructure\repositories\axios-checkout.repository.ts
FN:37,(anonymous_1)
FN:47,(anonymous_2)
FN:66,mapError
FN:82,(anonymous_4)
FN:91,(anonymous_5)
FN:102,(anonymous_6)
FN:113,(anonymous_7)
FN:129,(anonymous_8)
FNF:8
FNH:8
FNDA:2,(anonymous_1)
FNDA:2,(anonymous_2)
FNDA:3,mapError
FNDA:3,(anonymous_4)
FNDA:2,(anonymous_5)
FNDA:1,(anonymous_6)
FNDA:1,(anonymous_7)
FNDA:1,(anonymous_8)
DA:1,5
DA:5,5
DA:11,5
DA:37,5
DA:47,5
DA:67,3
DA:68,2
DA:69,1
DA:71,1
DA:72,1
DA:75,1
DA:81,5
DA:83,3
DA:84,3
DA:85,1
DA:87,2
DA:92,2
DA:93,2
DA:96,1
DA:98,1
DA:103,1
DA:104,1
DA:107,1
DA:109,0
DA:117,1
DA:118,1
DA:123,1
DA:125,0
DA:130,1
DA:131,1
DA:134,1
DA:136,0
LF:32
LH:29
BRDA:67,0,0,2
BRDA:67,0,1,1
BRDA:68,1,0,1
BRDA:68,1,1,1
BRDA:71,2,0,1
BRDA:71,2,1,0
BRF:6
BRH:5
end_of_record
TN:
SF:src\infrastructure\repositories\checkout-repository.ts
FNF:0
FNH:0
DA:2,4
DA:8,4
LF:2
LH:2
BRF:0
BRH:0
end_of_record
TN:
SF:src\presentation\components\checkout\amount-breakdown.tsx
FN:18,AmountBreakdown
FN:49,Row
FNF:2
FNH:2
FNDA:8,AmountBreakdown
FNDA:32,Row
DA:1,3
DA:2,3
DA:18,3
DA:26,8
DA:58,32
LF:5
LH:5
BRDA:51,0,0,24
BRDA:61,1,0,8
BRDA:61,1,1,24
BRF:3
BRH:3
end_of_record
TN:
SF:src\presentation\components\checkout\order-item.tsx
FN:15,OrderItem
FNF:1
FNH:1
FNDA:43,OrderItem
DA:1,4
DA:15,4
DA:22,43
LF:3
LH:3
BRF:0
BRH:0
end_of_record
TN:
SF:src\presentation\components\product\product-card.tsx
FN:19,ProductCard
FN:63,(anonymous_1)
FNF:2
FNH:2
FNDA:5,ProductCard
FNDA:1,(anonymous_1)
DA:1,2
DA:3,2
DA:4,2
DA:5,2
DA:6,2
DA:7,2
DA:8,2
DA:19,2
DA:20,5
DA:21,5
DA:23,5
DA:63,1
LF:12
LH:12
BRDA:53,0,0,5
BRDA:53,0,1,4
BRDA:65,1,0,1
BRDA:65,1,1,4
BRF:4
BRH:4
end_of_record
TN:
SF:src\presentation\components\product\quantity-selector.tsx
FN:22,QuantitySelector
FN:28,(anonymous_1)
FN:29,(anonymous_2)
FNF:3
FNH:3
FNDA:6,QuantitySelector
FNDA:1,(anonymous_1)
FNDA:2,(anonymous_2)
DA:1,3
DA:2,3
DA:12,3
DA:22,3
DA:28,6
DA:29,6
DA:31,6
LF:7
LH:7
BRDA:26,0,0,6
BRDA:37,1,0,6
BRDA:37,1,1,6
BRDA:52,2,0,6
BRDA:52,2,1,6
BRF:5
BRH:5
end_of_record
TN:
SF:src\presentation\components\product\stock-badge.tsx
FN:13,StockBadge
FNF:1
FNH:1
FNDA:8,StockBadge
DA:1,3
DA:2,3
DA:13,3
DA:14,8
DA:15,2
DA:17,6
DA:18,5
DA:20,1
LF:8
LH:8
BRDA:14,0,0,2
BRDA:14,0,1,6
BRDA:17,1,0,5
BRDA:17,1,1,1
BRF:4
BRH:4
end_of_record
TN:
SF:src\presentation\forms\checkout-form-schema.ts
FN:16,(anonymous_0)
FN:20,(anonymous_1)
FN:37,(anonymous_2)
FNF:3
FNH:3
FNDA:21,(anonymous_0)
FNDA:21,(anonymous_1)
FNDA:21,(anonymous_2)
DA:1,2
DA:2,2
DA:10,2
DA:17,21
DA:18,21
DA:20,21
DA:37,21
LF:7
LH:7
BRDA:18,0,0,21
BRDA:18,0,1,9
BRF:2
BRH:2
end_of_record
TN:
SF:src\presentation\forms\delivery-form.tsx
FN:23,DeliveryForm
FNF:1
FNH:1
FNDA:35,DeliveryForm
DA:2,1
DA:3,1
DA:4,1
DA:12,1
DA:23,1
DA:24,35
LF:6
LH:6
BRF:0
BRH:0
end_of_record
TN:
SF:src\presentation\forms\payment-card-form.tsx
FN:31,PaymentCardForm
FN:71,(anonymous_1)
FNF:2
FNH:2
FNDA:35,PaymentCardForm
FNDA:16,(anonymous_1)
DA:7,1
DA:8,1
DA:9,1
DA:10,1
DA:20,1
DA:31,1
DA:37,35
DA:39,35
DA:72,16
LF:9
LH:9
BRDA:37,0,0,35
BRDA:37,0,1,0
BRDA:77,1,0,35
BRDA:77,1,1,31
BRF:4
BRH:3
end_of_record
TN:
SF:src\presentation\hooks\use-checkout.ts
FN:24,useCheckout
FN:29,(anonymous_1)
FN:30,(anonymous_2)
FN:32,(anonymous_3)
FN:34,(anonymous_4)
FN:38,(anonymous_5)
FNF:6
FNH:6
FNDA:5,useCheckout
FNDA:13,(anonymous_1)
FNDA:13,(anonymous_2)
FNDA:13,(anonymous_3)
FNDA:13,(anonymous_4)
FNDA:1,(anonymous_5)
DA:1,1
DA:2,1
DA:4,1
DA:5,1
DA:6,1
DA:7,1
DA:8,1
DA:13,1
DA:24,1
DA:25,5
DA:26,5
DA:27,5
DA:29,13
DA:30,13
DA:31,5
DA:32,13
DA:34,13
DA:36,5
DA:38,5
DA:39,1
DA:40,0
DA:42,1
DA:43,0
DA:46,1
DA:47,1
DA:48,1
DA:49,1
DA:56,1
DA:60,1
DA:61,1
DA:62,1
DA:63,1
DA:65,0
DA:67,1
DA:81,5
LF:35
LH:32
BRDA:39,0,0,0
BRDA:39,0,1,1
BRDA:42,1,0,0
BRDA:42,1,1,1
BRDA:42,2,0,1
BRDA:42,2,1,1
BRDA:42,2,2,1
BRDA:42,2,3,1
BRF:8
BRH:6
end_of_record
TN:
SF:src\presentation\hooks\use-products.ts
FN:20,useProducts
FN:23,(anonymous_1)
FN:25,(anonymous_2)
FN:35,(anonymous_3)
FNF:4
FNH:4
FNDA:11,useProducts
FNDA:22,(anonymous_1)
FNDA:4,(anonymous_2)
FNDA:3,(anonymous_3)
DA:1,1
DA:2,1
DA:3,1
DA:4,1
DA:5,1
DA:20,1
DA:21,11
DA:22,11
DA:23,22
DA:25,11
DA:26,4
DA:27,4
DA:28,4
DA:29,3
DA:31,1
DA:35,11
DA:36,3
DA:39,11
LF:18
LH:18
BRF:0
BRH:0
end_of_record
TN:
SF:src\presentation\hooks\use-selected-product.ts
FN:13,useSelectedProduct
FN:16,(anonymous_1)
FN:17,(anonymous_2)
FN:21,(anonymous_3)
FN:25,(anonymous_4)
FN:26,(anonymous_5)
FNF:6
FNH:4
FNDA:46,useSelectedProduct
FNDA:64,(anonymous_1)
FNDA:64,(anonymous_2)
FNDA:6,(anonymous_3)
FNDA:0,(anonymous_4)
FNDA:0,(anonymous_5)
DA:1,3
DA:3,3
DA:4,3
DA:5,3
DA:13,3
DA:14,46
DA:15,46
DA:16,64
DA:17,64
DA:19,46
DA:21,46
DA:22,6
DA:23,0
DA:25,0
DA:26,0
DA:30,46
LF:16
LH:13
BRDA:19,0,0,46
BRDA:19,0,1,46
BRDA:22,1,0,0
BRDA:22,1,1,6
BRDA:22,2,0,6
BRDA:22,2,1,6
BRDA:30,3,0,46
BRDA:30,3,1,0
BRF:8
BRH:6
end_of_record
TN:
SF:src\presentation\hooks\use-transaction-status.ts
FN:20,useTransactionStatus
FN:23,(anonymous_1)
FN:24,(anonymous_2)
FN:25,(anonymous_3)
FN:29,(anonymous_4)
FN:42,(anonymous_5)
FNF:6
FNH:6
FNDA:6,useTransactionStatus
FNDA:14,(anonymous_1)
FNDA:14,(anonymous_2)
FNDA:14,(anonymous_3)
FNDA:2,(anonymous_4)
FNDA:4,(anonymous_5)
DA:1,1
DA:2,1
DA:3,1
DA:4,1
DA:5,1
DA:20,1
DA:21,6
DA:22,6
DA:23,14
DA:24,14
DA:25,14
DA:27,6
DA:29,6
DA:30,2
DA:31,0
DA:33,2
DA:34,2
DA:35,2
DA:36,2
DA:38,0
DA:42,6
DA:43,4
DA:44,2
DA:48,6
LF:24
LH:22
BRDA:27,0,0,6
BRDA:27,0,1,2
BRDA:30,1,0,0
BRDA:30,1,1,2
BRDA:43,2,0,2
BRDA:43,2,1,2
BRDA:49,3,0,2
BRDA:49,3,1,4
BRF:8
BRH:7
end_of_record
TN:
SF:src\presentation\pages\payment-and-delivery-page.tsx
FN:29,PaymentAndDeliveryPage
FN:33,(anonymous_1)
FN:70,(anonymous_2)
FN:141,(anonymous_3)
FNF:4
FNH:2
FNDA:35,PaymentAndDeliveryPage
FNDA:37,(anonymous_1)
FNDA:0,(anonymous_2)
FNDA:0,(anonymous_3)
DA:1,1
DA:2,1
DA:3,1
DA:4,1
DA:5,1
DA:6,1
DA:7,1
DA:8,1
DA:9,1
DA:13,1
DA:14,1
DA:15,1
DA:16,1
DA:17,1
DA:18,1
DA:23,1
DA:29,1
DA:30,35
DA:31,35
DA:32,35
DA:33,37
DA:35,35
DA:43,35
DA:66,35
DA:67,0
DA:70,35
DA:71,0
DA:81,0
DA:90,0
DA:98,0
DA:99,0
DA:102,35
DA:141,0
LF:33
LH:26
BRDA:52,0,0,35
BRDA:52,0,1,35
BRDA:53,1,0,35
BRDA:53,1,1,35
BRDA:54,2,0,35
BRDA:54,2,1,35
BRDA:56,3,0,35
BRDA:56,3,1,35
BRDA:57,4,0,35
BRDA:57,4,1,35
BRDA:58,5,0,35
BRDA:58,5,1,35
BRDA:59,6,0,35
BRDA:59,6,1,35
BRDA:60,7,0,35
BRDA:60,7,1,35
BRDA:61,8,0,35
BRDA:61,8,1,35
BRDA:66,9,0,0
BRDA:66,9,1,35
BRDA:106,10,0,35
BRDA:106,10,1,35
BRF:22
BRH:21
end_of_record
TN:
SF:src\presentation\pages\product-page.tsx
FN:17,ProductPage
FN:22,(anonymous_1)
FN:58,(anonymous_2)
FN:70,ProductGridSkeleton
FN:73,(anonymous_4)
FNF:5
FNH:4
FNDA:11,ProductPage
FNDA:0,(anonymous_1)
FNDA:2,(anonymous_2)
FNDA:4,ProductGridSkeleton
FNDA:24,(anonymous_4)
DA:1,1
DA:3,1
DA:4,1
DA:5,1
DA:6,1
DA:7,1
DA:8,1
DA:9,1
DA:10,1
DA:11,1
DA:17,1
DA:18,11
DA:19,11
DA:20,11
DA:22,11
DA:23,0
DA:24,0
DA:25,0
DA:26,0
DA:29,11
DA:59,2
DA:71,4
DA:74,24
LF:23
LH:19
BRDA:40,0,0,11
BRDA:40,0,1,4
BRDA:42,1,0,11
BRDA:42,1,1,1
BRDA:44,2,0,1
BRDA:44,2,1,0
BRDA:49,3,0,11
BRDA:49,3,1,3
BRDA:49,3,2,1
BRDA:56,4,0,11
BRDA:56,4,1,3
BRDA:56,4,2,2
BRF:12
BRH:11
end_of_record
TN:
SF:src\presentation\pages\result-page.tsx
FN:65,ResultPage
FN:72,(anonymous_1)
FN:76,(anonymous_2)
FN:84,(anonymous_3)
FN:180,(anonymous_4)
FNF:5
FNH:3
FNDA:6,ResultPage
FNDA:14,(anonymous_1)
FNDA:2,(anonymous_2)
FNDA:0,(anonymous_3)
FNDA:0,(anonymous_4)
DA:1,1
DA:2,1
DA:4,1
DA:5,1
DA:6,1
DA:7,1
DA:8,1
DA:9,1
DA:10,1
DA:11,1
DA:12,1
DA:13,1
DA:14,1
DA:15,1
DA:16,1
DA:17,1
DA:18,1
DA:27,1
DA:65,1
DA:66,6
DA:67,6
DA:68,6
DA:70,6
DA:71,6
DA:72,14
DA:76,6
DA:77,2
DA:80,6
DA:81,0
DA:84,6
DA:85,0
DA:86,0
DA:87,0
DA:90,6
DA:91,2
DA:98,4
DA:99,2
DA:107,2
DA:108,2
DA:109,2
DA:113,2
DA:180,0
LF:42
LH:37
BRDA:80,0,0,0
BRDA:80,0,1,6
BRDA:90,1,0,2
BRDA:90,1,1,4
BRDA:90,2,0,6
BRDA:90,2,1,2
BRDA:98,3,0,2
BRDA:98,3,1,2
BRDA:101,4,0,2
BRDA:101,4,1,2
BRDA:109,5,0,2
BRDA:109,5,1,0
BRDA:126,6,0,2
BRDA:126,6,1,1
BRDA:126,6,2,1
BRDA:139,7,0,2
BRDA:139,7,1,2
BRDA:161,8,0,2
BRDA:161,8,1,2
BRDA:176,9,0,2
BRDA:176,9,1,1
BRF:21
BRH:19
end_of_record
TN:
SF:src\presentation\pages\summary-page.tsx
FN:22,SummaryPage
FN:25,(anonymous_1)
FN:27,(anonymous_2)
FN:100,(anonymous_3)
FNF:4
FNH:3
FNDA:5,SummaryPage
FNDA:13,(anonymous_1)
FNDA:13,(anonymous_2)
FNDA:0,(anonymous_3)
DA:1,1
DA:2,1
DA:3,1
DA:4,1
DA:5,1
DA:6,1
DA:7,1
DA:8,1
DA:9,1
DA:10,1
DA:11,1
DA:12,1
DA:13,1
DA:14,1
DA:15,1
DA:16,1
DA:22,1
DA:23,5
DA:24,5
DA:25,13
DA:27,13
DA:28,5
DA:29,5
DA:32,5
DA:33,0
DA:36,5
DA:37,0
DA:39,5
DA:40,0
DA:47,5
DA:49,5
DA:100,0
LF:32
LH:28
BRDA:32,0,0,0
BRDA:32,0,1,5
BRDA:36,1,0,0
BRDA:36,1,1,5
BRDA:36,2,0,5
BRDA:36,2,1,5
BRDA:39,3,0,0
BRDA:39,3,1,5
BRDA:89,4,0,5
BRDA:89,4,1,0
BRDA:110,5,0,5
BRDA:110,5,1,1
BRF:12
BRH:8
end_of_record
TN:
SF:src\presentation\providers\repository-context.ts
FN:16,useCheckoutRepository
FNF:1
FNH:1
FNDA:68,useCheckoutRepository
DA:1,4
DA:3,4
DA:9,4
DA:16,4
DA:17,68
LF:5
LH:5
BRF:0
BRH:0
end_of_record
TN:
SF:src\presentation\store\hooks.ts
FN:5,(anonymous_0)
FNF:1
FNH:1
FNDA:120,(anonymous_0)
DA:1,4
DA:5,120
DA:8,4
LF:3
LH:3
BRF:0
BRH:0
end_of_record
TN:
SF:src\presentation\store\persistence.ts
FN:12,loadCheckoutState
FN:27,saveCheckoutState
FNF:2
FNH:2
FNDA:3,loadCheckoutState
FNDA:1,saveCheckoutState
DA:3,1
DA:12,1
DA:13,3
DA:14,3
DA:15,3
DA:16,1
DA:18,2
DA:20,1
DA:27,1
DA:28,1
DA:29,1
LF:11
LH:11
BRDA:15,0,0,1
BRDA:15,0,1,2
BRF:2
BRH:2
end_of_record
TN:
SF:src\presentation\store\slices\checkout-slice.ts
FN:34,(anonymous_0)
FN:41,(anonymous_1)
FN:44,(anonymous_2)
FN:47,(anonymous_3)
FN:50,(anonymous_4)
FN:53,(anonymous_5)
FNF:6
FNH:6
FNDA:1,(anonymous_0)
FNDA:1,(anonymous_1)
FNDA:1,(anonymous_2)
FNDA:2,(anonymous_3)
FNDA:2,(anonymous_4)
FNDA:1,(anonymous_5)
DA:1,5
DA:21,5
DA:30,5
DA:38,1
DA:39,1
DA:42,1
DA:45,1
DA:48,2
DA:51,2
DA:54,1
DA:59,5
DA:68,5
LF:12
LH:12
BRF:0
BRH:0
end_of_record
TN:
SF:src\presentation\store\slices\payment-slice.ts
FN:22,(anonymous_0)
FN:25,(anonymous_1)
FNF:2
FNH:2
FNDA:1,(anonymous_0)
FNDA:3,(anonymous_1)
DA:1,5
DA:14,5
DA:18,5
DA:23,1
DA:26,3
DA:31,5
DA:33,5
LF:7
LH:7
BRF:0
BRH:0
end_of_record
TN:
SF:src\presentation\store\slices\product-slice.ts
FN:28,(anonymous_0)
FN:32,(anonymous_1)
FN:36,(anonymous_2)
FN:40,(anonymous_3)
FNF:4
FNH:4
FNDA:5,(anonymous_0)
FNDA:4,(anonymous_1)
FNDA:1,(anonymous_2)
FNDA:2,(anonymous_3)
DA:1,5
DA:17,5
DA:24,5
DA:29,5
DA:30,5
DA:33,4
DA:34,4
DA:37,1
DA:38,1
DA:41,2
DA:42,2
DA:47,5
DA:54,5
LF:13
LH:13
BRF:0
BRH:0
end_of_record
TN:
SF:src\presentation\store\slices\transaction-slice.ts
FN:25,(anonymous_0)
FN:29,(anonymous_1)
FN:33,(anonymous_2)
FN:37,(anonymous_3)
FNF:4
FNH:4
FNDA:4,(anonymous_0)
FNDA:4,(anonymous_1)
FNDA:1,(anonymous_2)
FNDA:1,(anonymous_3)
DA:1,5
DA:15,5
DA:21,5
DA:26,4
DA:27,4
DA:30,4
DA:31,4
DA:34,1
DA:35,1
DA:38,1
DA:43,5
DA:50,5
LF:12
LH:12
BRF:0
BRH:0
end_of_record
TN:
SF:src\presentation\store\slices\ui-slice.ts
FN:19,(anonymous_0)
FNF:1
FNH:1
FNDA:3,(anonymous_0)
DA:1,5
DA:11,5
DA:15,5
DA:20,3
DA:25,5
DA:27,5
LF:6
LH:6
BRF:0
BRH:0
end_of_record
TN:
SF:src\shared\constants\checkout-steps.ts
FNF:0
FNH:0
DA:2,3
LF:1
LH:1
BRF:0
BRH:0
end_of_record
TN:
SF:src\shared\constants\product.ts
FNF:0
FNH:0
DA:2,3
DA:5,3
LF:2
LH:2
BRF:0
BRH:0
end_of_record
TN:
SF:src\shared\ui\alert.tsx
FN:25,Alert
FNF:1
FNH:1
FNDA:5,Alert
DA:2,4
DA:13,4
DA:25,4
DA:26,5
DA:27,5
LF:5
LH:5
BRDA:25,0,0,0
BRDA:26,1,0,5
BRDA:26,1,1,0
BRDA:29,2,0,5
BRDA:29,2,1,0
BRDA:32,3,0,5
BRDA:32,3,1,5
BRDA:33,4,0,5
BRDA:33,4,1,5
BRDA:33,5,0,5
BRDA:33,5,1,5
BRF:11
BRH:8
end_of_record
TN:
SF:src\shared\ui\backdrop.tsx
FN:12,Backdrop
FNF:1
FNH:1
FNDA:2,Backdrop
DA:1,2
DA:12,2
DA:13,2
LF:3
LH:3
BRDA:12,0,0,0
BRF:1
BRH:0
end_of_record
TN:
SF:src\shared\ui\badge.tsx
FN:24,Badge
FNF:1
FNH:1
FNDA:40,Badge
DA:2,4
DA:12,4
DA:24,4
DA:25,40
LF:4
LH:4
BRDA:24,0,0,0
BRF:1
BRH:0
end_of_record
TN:
SF:src\shared\ui\button.tsx
FN:38,Button
FNF:1
FNH:1
FNDA:94,Button
DA:2,7
DA:3,7
DA:16,7
DA:25,7
DA:38,7
DA:48,94
LF:6
LH:6
BRDA:39,0,0,49
BRDA:40,1,0,94
BRDA:41,2,0,88
BRDA:42,3,0,86
BRDA:56,4,0,94
BRDA:56,4,1,8
BRDA:59,5,0,94
BRDA:59,5,1,92
BRDA:63,6,0,94
BRDA:63,6,1,2
BRF:10
BRH:10
end_of_record
TN:
SF:src\shared\ui\card.tsx
FN:11,Card
FNF:1
FNH:1
FNDA:148,Card
DA:2,5
DA:11,5
DA:12,148
LF:3
LH:3
BRF:0
BRH:0
end_of_record
TN:
SF:src\shared\ui\divider.tsx
FN:6,Divider
FNF:1
FNH:1
FNDA:18,Divider
DA:1,4
DA:6,4
DA:7,18
LF:3
LH:3
BRF:0
BRH:0
end_of_record
TN:
SF:src\shared\ui\empty-state.tsx
FN:13,EmptyState
FNF:1
FNH:1
FNDA:2,EmptyState
DA:13,2
DA:14,2
LF:2
LH:2
BRDA:17,0,0,2
BRDA:17,0,1,2
BRDA:20,1,0,2
BRDA:20,1,1,0
BRF:4
BRH:3
end_of_record
TN:
SF:src\shared\ui\error-state.tsx
FN:13,ErrorState
FNF:1
FNH:1
FNDA:4,ErrorState
DA:1,3
DA:2,3
DA:13,3
DA:18,4
LF:4
LH:4
BRDA:14,0,0,4
BRDA:23,1,0,4
BRDA:23,1,1,4
BRF:3
BRH:3
end_of_record
TN:
SF:src\shared\ui\form-field.tsx
FN:18,FormField
FNF:1
FNH:1
FNDA:526,FormField
DA:18,2
DA:25,526
LF:2
LH:2
BRDA:31,0,0,526
BRDA:31,0,1,35
BRDA:31,0,2,35
BRDA:32,1,0,526
BRDA:32,1,1,26
BRF:5
BRH:5
end_of_record
TN:
SF:src\shared\ui\input.tsx
FN:14,Input
FNF:1
FNH:1
FNDA:491,Input
DA:1,2
DA:2,2
DA:14,2
DA:18,491
LF:4
LH:4
BRDA:15,0,0,1
BRDA:21,1,0,491
BRDA:21,1,1,466
BRDA:25,2,0,25
BRDA:25,2,1,466
BRF:5
BRH:5
end_of_record
TN:
SF:src\shared\ui\price.tsx
FN:13,Price
FNF:1
FNH:1
FNDA:81,Price
DA:1,6
DA:2,6
DA:13,6
DA:14,81
LF:4
LH:4
BRF:0
BRH:0
end_of_record
TN:
SF:src\shared\ui\select.tsx
FN:18,Select
FN:33,(anonymous_1)
FNF:2
FNH:2
FNDA:36,Select
FNDA:142,(anonymous_1)
DA:1,2
DA:2,2
DA:17,2
DA:19,36
DA:34,142
LF:5
LH:5
BRDA:18,0,0,1
BRDA:22,1,0,36
BRDA:22,1,1,36
BRDA:26,2,0,0
BRDA:26,2,1,36
BRF:5
BRH:4
end_of_record
TN:
SF:src\shared\ui\skeleton.tsx
FN:11,Skeleton
FNF:1
FNH:1
FNDA:121,Skeleton
DA:1,2
DA:11,2
DA:12,121
LF:3
LH:3
BRF:0
BRH:0
end_of_record
TN:
SF:src\shared\ui\spinner.tsx
FN:20,Spinner
FNF:1
FNH:1
FNDA:7,Spinner
DA:1,7
DA:9,7
DA:20,7
DA:25,7
LF:4
LH:4
BRDA:21,0,0,1
BRDA:23,1,0,7
BRF:2
BRH:2
end_of_record
TN:
SF:src\shared\ui\stepper.tsx
FN:14,Stepper
FN:17,(anonymous_1)
FNF:2
FNH:2
FNDA:43,Stepper
FNDA:129,(anonymous_1)
DA:1,4
DA:14,4
DA:15,43
DA:18,129
DA:19,129
DA:20,129
DA:22,129
LF:7
LH:7
BRDA:25,0,0,43
BRDA:25,0,1,86
BRDA:28,1,0,129
BRDA:28,1,1,10
BRDA:29,2,0,129
BRDA:29,2,1,43
BRDA:30,3,0,129
BRDA:30,3,1,119
BRDA:30,3,2,76
BRDA:33,4,0,10
BRDA:33,4,1,119
BRDA:38,5,0,43
BRDA:38,5,1,86
BRDA:43,6,0,129
BRDA:43,6,1,86
BRDA:47,7,0,10
BRDA:47,7,1,76
BRF:17
BRH:17
end_of_record
TN:
SF:src\shared\utils\card.ts
FN:5,onlyDigits
FN:14,detectCardBrand
FN:30,luhnCheck
FN:52,formatCardNumber
FN:62,isValidExpiry
FN:78,maskCardNumber
FNF:6
FNH:6
FNDA:107,onlyDigits
FNDA:38,detectCardBrand
FNDA:24,luhnCheck
FNDA:17,formatCardNumber
FNDA:24,isValidExpiry
FNDA:6,maskCardNumber
DA:5,4
DA:6,107
DA:14,4
DA:15,38
DA:16,38
DA:17,32
DA:19,6
DA:20,1
DA:22,5
DA:30,4
DA:31,24
DA:32,24
DA:33,13
DA:35,11
DA:36,11
DA:37,11
DA:38,170
DA:39,170
DA:40,84
DA:41,84
DA:42,0
DA:45,170
DA:46,170
DA:48,11
DA:52,4
DA:53,17
DA:62,4
DA:63,24
DA:64,24
DA:65,24
DA:66,17
DA:68,7
DA:69,7
DA:70,7
DA:71,7
DA:72,2
DA:74,5
DA:78,4
DA:79,6
DA:80,6
LF:40
LH:39
BRDA:16,0,0,32
BRDA:16,0,1,6
BRDA:19,1,0,1
BRDA:19,1,1,5
BRDA:32,2,0,13
BRDA:32,2,1,11
BRDA:39,3,0,84
BRDA:39,3,1,86
BRDA:41,4,0,0
BRDA:41,4,1,84
BRDA:65,5,0,17
BRDA:65,5,1,7
BRDA:65,6,0,24
BRDA:65,6,1,24
BRDA:65,6,2,8
BRDA:65,6,3,7
BRDA:71,7,0,2
BRDA:71,7,1,5
BRDA:74,8,0,5
BRDA:74,8,1,0
BRF:20
BRH:18
end_of_record
TN:
SF:src\shared\utils\cn.ts
FN:13,cn
FNF:1
FNH:1
FNDA:1402,cn
DA:1,7
DA:2,7
DA:13,7
DA:14,1402
LF:4
LH:4
BRF:0
BRH:0
end_of_record
TN:
SF:src\shared\utils\error-message.ts
FN:9,errorMessage
FNF:1
FNH:1
FNDA:3,errorMessage
DA:1,4
DA:9,4
DA:10,3
DA:11,1
DA:13,2
LF:5
LH:5
BRDA:10,0,0,1
BRDA:10,0,1,2
BRF:2
BRH:2
end_of_record
TN:
SF:src\shared\utils\money.ts
FN:11,formatMoney
FNF:1
FNH:1
FNDA:83,formatMoney
DA:11,7
DA:12,83
LF:2
LH:2
BRF:0
BRH:0
end_of_record
